{"numFailedTestSuites":3,"numFailedTests":5,"numPassedTestSuites":9,"numPassedTests":50,"numPendingTestSuites":0,"numPendingTests":0,"numRuntimeErrorTestSuites":2,"numTodoTests":0,"numTotalTestSuites":12,"numTotalTests":55,"openHandles":[],"snapshot":{"added":0,"didUpdate":false,"failure":false,"filesAdded":0,"filesRemoved":0,"filesRemovedList":[],"filesUnmatched":0,"filesUpdated":0,"matched":0,"total":0,"unchecked":0,"uncheckedKeysByFile":[],"unmatched":0,"updated":0},"startTime":1775310294349,"success":false,"testResults":[{"assertionResults":[{"ancestorTitles":["CalendarView Component"],"failureMessages":[],"fullName":"CalendarView Component renders scheduled tasks as events","location":null,"status":"passed","title":"renders scheduled tasks as events"},{"ancestorTitles":["CalendarView Component"],"failureMessages":[],"fullName":"CalendarView Component filters out tasks with invalid scheduledTime","location":null,"status":"passed","title":"filters out tasks with invalid scheduledTime"},{"ancestorTitles":["CalendarView Component"],"failureMessages":[],"fullName":"CalendarView Component opens QuickTaskDialog when clicking a slot","location":null,"status":"passed","title":"opens QuickTaskDialog when clicking a slot"},{"ancestorTitles":["CalendarView Component"],"failureMessages":[],"fullName":"CalendarView Component creates a new task via QuickTaskDialog","location":null,"status":"passed","title":"creates a new task via QuickTaskDialog"},{"ancestorTitles":["CalendarView Component"],"failureMessages":[],"fullName":"CalendarView Component opens TaskEditDialog when double clicking an event","location":null,"status":"passed","title":"opens TaskEditDialog when double clicking an event"},{"ancestorTitles":["CalendarView Component"],"failureMessages":[],"fullName":"CalendarView Component saves updated task from TaskEditDialog","location":null,"status":"passed","title":"saves updated task from TaskEditDialog"},{"ancestorTitles":["CalendarView Component","Calendar Task Creation"],"failureMessages":[],"fullName":"CalendarView Component Calendar Task Creation creates task with scheduledTime in ISO string format","location":null,"status":"passed","title":"creates task with scheduledTime in ISO string format"},{"ancestorTitles":["CalendarView Component","Calendar Task Creation"],"failureMessages":[],"fullName":"CalendarView Component Calendar Task Creation creates task with string ID","location":null,"status":"passed","title":"creates task with string ID"},{"ancestorTitles":["CalendarView Component","Calendar Task Creation"],"failureMessages":[],"fullName":"CalendarView Component Calendar Task Creation includes date and scheduledTime when creating from calendar slot","location":null,"status":"passed","title":"includes date and scheduledTime when creating from calendar slot"}],"endTime":1775310297203,"message":"","name":"/Users/kishlayraj/Documents/Projects/others/ToDoProj2/src/components/__tests__/CalendarView.test.js","startTime":1775310294932,"status":"passed","summary":""},{"assertionResults":[{"ancestorTitles":["QuickTaskDialog Component"],"failureMessages":[],"fullName":"QuickTaskDialog Component renders dialog when open","location":null,"status":"passed","title":"renders dialog when open"},{"ancestorTitles":["QuickTaskDialog Component"],"failureMessages":[],"fullName":"QuickTaskDialog Component can create task","location":null,"status":"passed","title":"can create task"},{"ancestorTitles":["QuickTaskDialog Component"],"failureMessages":[],"fullName":"QuickTaskDialog Component closes on cancel","location":null,"status":"passed","title":"closes on cancel"}],"endTime":1775310297315,"message":"","name":"/Users/kishlayraj/Documents/Projects/others/ToDoProj2/src/components/__tests__/QuickTaskDialog.test.js","startTime":1775310294956,"status":"passed","summary":""},{"assertionResults":[{"ancestorTitles":[],"failureMessages":[],"fullName":"onTaskUpdate is called correctly when dragging a task with alphanumeric ID","location":null,"status":"passed","title":"onTaskUpdate is called correctly when dragging a task with alphanumeric ID"}],"endTime":1775310297347,"message":"","name":"/Users/kishlayraj/Documents/Projects/others/ToDoProj2/src/components/__tests__/DragDropBug.test.js","startTime":1775310294947,"status":"passed","summary":""},{"assertionResults":[{"ancestorTitles":["Journal Questions Consistency"],"failureMessages":[],"fullName":"Journal Questions Consistency should have mobile questions as a subset of desktop questions","location":null,"status":"passed","title":"should have mobile questions as a subset of desktop questions"},{"ancestorTitles":["Journal Questions Consistency"],"failureMessages":[],"fullName":"Journal Questions Consistency should have matching question IDs between mobile and desktop","location":null,"status":"passed","title":"should have matching question IDs between mobile and desktop"},{"ancestorTitles":["Journal Questions Consistency"],"failureMessages":[],"fullName":"Journal Questions Consistency should have matching sections for shared question IDs","location":null,"status":"passed","title":"should have matching sections for shared question IDs"},{"ancestorTitles":["Journal Questions Consistency"],"failureMessages":[],"fullName":"Journal Questions Consistency should have compatible question text for shared IDs","location":null,"status":"passed","title":"should have compatible question text for shared IDs"},{"ancestorTitles":["Journal Questions Consistency"],"failureMessages":[],"fullName":"Journal Questions Consistency should maintain cross-platform data consistency","location":null,"status":"passed","title":"should maintain cross-platform data consistency"},{"ancestorTitles":["Journal Questions Consistency"],"failureMessages":[],"fullName":"Journal Questions Consistency should have the correct number of questions on each platform","location":null,"status":"passed","title":"should have the correct number of questions on each platform"},{"ancestorTitles":["Journal Questions Consistency"],"failureMessages":[],"fullName":"Journal Questions Consistency should have Evening questions with consistent IDs","location":null,"status":"passed","title":"should have Evening questions with consistent IDs"}],"endTime":1775310297508,"message":"","name":"/Users/kishlayraj/Documents/Projects/others/ToDoProj2/src/__tests__/journalConsistency.test.js","startTime":1775310297345,"status":"passed","summary":""},{"assertionResults":[{"ancestorTitles":["AuthContext Analytics"],"failureMessages":[],"fullName":"AuthContext Analytics logs sign_up event for new users","location":null,"status":"passed","title":"logs sign_up event for new users"},{"ancestorTitles":["AuthContext Analytics"],"failureMessages":[],"fullName":"AuthContext Analytics logs only login event for returning users","location":null,"status":"passed","title":"logs only login event for returning users"}],"endTime":1775310297689,"message":"","name":"/Users/kishlayraj/Documents/Projects/others/ToDoProj2/src/contexts/__tests__/AuthContext.test.js","startTime":1775310297377,"status":"passed","summary":""},{"assertionResults":[{"ancestorTitles":["useFirestoreDoc"],"failureMessages":[],"fullName":"useFirestoreDoc should initialize with default value and loading true","location":null,"status":"passed","title":"should initialize with default value and loading true"},{"ancestorTitles":["useFirestoreDoc"],"failureMessages":[],"fullName":"useFirestoreDoc should update data when snapshot is received","location":null,"status":"passed","title":"should update data when snapshot is received"},{"ancestorTitles":["useFirestoreDoc"],"failureMessages":[],"fullName":"useFirestoreDoc should use initial value if document does not exist","location":null,"status":"passed","title":"should use initial value if document does not exist"},{"ancestorTitles":["useFirestoreDoc"],"failureMessages":[],"fullName":"useFirestoreDoc should NOT reset data to initialValue immediately when path changes","location":null,"status":"passed","title":"should NOT reset data to initialValue immediately when path changes"}],"endTime":1775310297715,"message":"","name":"/Users/kishlayraj/Documents/Projects/others/ToDoProj2/src/hooks/__tests__/useFirestoreNew.test.js","startTime":1775310297248,"status":"passed","summary":""},{"assertionResults":[{"ancestorTitles":["PlannerScreen Component"],"failureMessages":[],"fullName":"PlannerScreen Component renders main layout components","location":null,"status":"passed","title":"renders main layout components"},{"ancestorTitles":["PlannerScreen Component"],"failureMessages":[],"fullName":"PlannerScreen Component does NOT show the Reset All Tasks button (moved to Settings)","location":null,"status":"passed","title":"does NOT show the Reset All Tasks button (moved to Settings)"},{"ancestorTitles":["PlannerScreen Component"],"failureMessages":[],"fullName":"PlannerScreen Component can create a task via interaction","location":null,"status":"passed","title":"can create a task via interaction"}],"endTime":1775310298163,"message":"","name":"/Users/kishlayraj/Documents/Projects/others/ToDoProj2/src/components/__tests__/PlannerScreen.test.js","startTime":1775310294966,"status":"passed","summary":""},{"assertionResults":[{"ancestorTitles":["TaskList Component"],"failureMessages":[],"fullName":"TaskList Component renders priority sections correctly","location":null,"status":"passed","title":"renders priority sections correctly"},{"ancestorTitles":["TaskList Component"],"failureMessages":[],"fullName":"TaskList Component renders filtered tasks for the selected date","location":null,"status":"passed","title":"renders filtered tasks for the selected date"},{"ancestorTitles":["TaskList Component"],"failureMessages":[],"fullName":"TaskList Component does not render tasks for other dates","location":null,"status":"passed","title":"does not render tasks for other dates"},{"ancestorTitles":["TaskList Component"],"failureMessages":[],"fullName":"TaskList Component shows empty state when no tasks exist","location":null,"status":"passed","title":"shows empty state when no tasks exist"},{"ancestorTitles":["TaskList Component"],"failureMessages":[],"fullName":"TaskList Component can toggle task completion","location":null,"status":"passed","title":"can toggle task completion"},{"ancestorTitles":["TaskList Component"],"failureMessages":[],"fullName":"TaskList Component logs task_uncompleted analytics event when unchecking task","location":null,"status":"passed","title":"logs task_uncompleted analytics event when unchecking task"},{"ancestorTitles":["TaskList Component"],"failureMessages":[],"fullName":"TaskList Component can quick add a task","location":null,"status":"passed","title":"can quick add a task"},{"ancestorTitles":["TaskList Component"],"failureMessages":[],"fullName":"TaskList Component scrolls to completed section when expanded","location":null,"status":"passed","title":"scrolls to completed section when expanded"}],"endTime":1775310298330,"message":"","name":"/Users/kishlayraj/Documents/Projects/others/ToDoProj2/src/components/__tests__/TaskList.test.js","startTime":1775310294985,"status":"passed","summary":""},{"assertionResults":[{"ancestorTitles":["NotesPanel Component"],"failureMessages":[],"fullName":"NotesPanel Component renders with correct date header","location":null,"status":"passed","title":"renders with correct date header"},{"ancestorTitles":["NotesPanel Component"],"failureMessages":[],"fullName":"NotesPanel Component loads content from Firestore for the specific date","location":null,"status":"passed","title":"loads content from Firestore for the specific date"},{"ancestorTitles":["NotesPanel Component"],"failureMessages":[],"fullName":"NotesPanel Component updates content locally immediately but debounces persistence","location":null,"status":"passed","title":"updates content locally immediately but debounces persistence"},{"ancestorTitles":["NotesPanel Component"],"failureMessages":[],"fullName":"NotesPanel Component changes content when date changes","location":null,"status":"passed","title":"changes content when date changes"},{"ancestorTitles":["NotesPanel Component"],"failureMessages":[],"fullName":"NotesPanel Component renders demo content for logged-out user","location":null,"status":"passed","title":"renders demo content for logged-out user"},{"ancestorTitles":["NotesPanel Component"],"failureMessages":[],"fullName":"NotesPanel Component sets correct tooltips (aria-labels) on custom toolbar buttons","location":null,"status":"passed","title":"sets correct tooltips (aria-labels) on custom toolbar buttons"},{"ancestorTitles":["NotesPanel Component"],"failureMessages":[],"fullName":"NotesPanel Component renders the toolbar container with correct ID for scrollable layout","location":null,"status":"passed","title":"renders the toolbar container with correct ID for scrollable layout"},{"ancestorTitles":["NotesPanel Component","Mass Deletion Safeguard"],"failureMessages":[],"fullName":"NotesPanel Component Mass Deletion Safeguard triggers safeguard when typing over all content","location":null,"status":"passed","title":"triggers safeguard when typing over all content"},{"ancestorTitles":["NotesPanel Component","Mass Deletion Safeguard"],"failureMessages":[],"fullName":"NotesPanel Component Mass Deletion Safeguard triggers safeguard when pasting over all content","location":null,"status":"passed","title":"triggers safeguard when pasting over all content"},{"ancestorTitles":["NotesPanel Component","Mass Deletion Safeguard"],"failureMessages":[],"fullName":"NotesPanel Component Mass Deletion Safeguard triggers safeguard when cutting all content","location":null,"status":"passed","title":"triggers safeguard when cutting all content"},{"ancestorTitles":["NotesPanel Component","Mass Deletion Safeguard"],"failureMessages":[],"fullName":"NotesPanel Component Mass Deletion Safeguard does NOT trigger safeguard for navigation keys","location":null,"status":"passed","title":"does NOT trigger safeguard for navigation keys"},{"ancestorTitles":["NotesPanel Component","Mass Deletion Safeguard"],"failureMessages":[],"fullName":"NotesPanel Component Mass Deletion Safeguard does NOT trigger safeguard for partial selection","location":null,"status":"passed","title":"does NOT trigger safeguard for partial selection"},{"ancestorTitles":["NotesPanel Component","Analytics Events"],"failureMessages":[],"fullName":"NotesPanel Component Analytics Events has analytics event configured","location":null,"status":"passed","title":"has analytics event configured"}],"endTime":1775310300537,"message":"","name":"/Users/kishlayraj/Documents/Projects/others/ToDoProj2/src/components/__tests__/NotesPanel.test.js","startTime":1775310294951,"status":"passed","summary":""},{"assertionResults":[{"ancestorTitles":["PomodoroPanel Component"],"failureMessages":["TypeError: Cannot read properties of undefined (reading 'darkMode')\n    at PomodoroPanel (/Users/kishlayraj/Documents/Projects/others/ToDoProj2/src/components/PomodoroPanel.js:163:26)\n    at renderWithHooks (/Users/kishlayraj/Documents/Projects/others/ToDoProj2/node_modules/react-dom/cjs/react-dom.development.js:15486:18)\n    at mountIndeterminateComponent (/Users/kishlayraj/Documents/Projects/others/ToDoProj2/node_modules/react-dom/cjs/react-dom.development.js:20103:13)\n    at beginWork (/Users/kishlayraj/Documents/Projects/others/ToDoProj2/node_modules/react-dom/cjs/react-dom.development.js:21626:16)\n    at beginWork$1 (/Users/kishlayraj/Documents/Projects/others/ToDoProj2/node_modules/react-dom/cjs/react-dom.development.js:27465:14)\n    at performUnitOfWork (/Users/kishlayraj/Documents/Projects/others/ToDoProj2/node_modules/react-dom/cjs/react-dom.development.js:26599:12)\n    at workLoopSync (/Users/kishlayraj/Documents/Projects/others/ToDoProj2/node_modules/react-dom/cjs/react-dom.development.js:26505:5)\n    at renderRootSync (/Users/kishlayraj/Documents/Projects/others/ToDoProj2/node_modules/react-dom/cjs/react-dom.development.js:26473:7)\n    at recoverFromConcurrentError (/Users/kishlayraj/Documents/Projects/others/ToDoProj2/node_modules/react-dom/cjs/react-dom.development.js:25889:20)\n    at performConcurrentWorkOnRoot (/Users/kishlayraj/Documents/Projects/others/ToDoProj2/node_modules/react-dom/cjs/react-dom.development.js:25789:22)\n    at flushActQueue (/Users/kishlayraj/Documents/Projects/others/ToDoProj2/node_modules/react/cjs/react.development.js:2667:24)\n    at act (/Users/kishlayraj/Documents/Projects/others/ToDoProj2/node_modules/react/cjs/react.development.js:2582:11)\n    at actWithWarning (/Users/kishlayraj/Documents/Projects/others/ToDoProj2/node_modules/react-dom/cjs/react-dom-test-utils.development.js:1740:10)\n    at /Users/kishlayraj/Documents/Projects/others/ToDoProj2/node_modules/@testing-library/react/dist/act-compat.js:63:25\n    at renderRoot (/Users/kishlayraj/Documents/Projects/others/ToDoProj2/node_modules/@testing-library/react/dist/pure.js:159:26)\n    at render (/Users/kishlayraj/Documents/Projects/others/ToDoProj2/node_modules/@testing-library/react/dist/pure.js:246:10)\n    at renderPanel (/Users/kishlayraj/Documents/Projects/others/ToDoProj2/src/components/__tests__/PomodoroPanel.test.js:64:22)\n    at Object.<anonymous> (/Users/kishlayraj/Documents/Projects/others/ToDoProj2/src/components/__tests__/PomodoroPanel.test.js:68:9)\n    at Promise.then.completed (/Users/kishlayraj/Documents/Projects/others/ToDoProj2/node_modules/jest-circus/build/utils.js:391:28)\n    at new Promise (<anonymous>)\n    at callAsyncCircusFn (/Users/kishlayraj/Documents/Projects/others/ToDoProj2/node_modules/jest-circus/build/utils.js:316:10)\n    at _callCircusTest (/Users/kishlayraj/Documents/Projects/others/ToDoProj2/node_modules/jest-circus/build/run.js:218:40)\n    at processTicksAndRejections (node:internal/process/task_queues:95:5)\n    at _runTest (/Users/kishlayraj/Documents/Projects/others/ToDoProj2/node_modules/jest-circus/build/run.js:155:3)\n    at _runTestsForDescribeBlock (/Users/kishlayraj/Documents/Projects/others/ToDoProj2/node_modules/jest-circus/build/run.js:66:9)\n    at _runTestsForDescribeBlock (/Users/kishlayraj/Documents/Projects/others/ToDoProj2/node_modules/jest-circus/build/run.js:60:9)\n    at run (/Users/kishlayraj/Documents/Projects/others/ToDoProj2/node_modules/jest-circus/build/run.js:25:3)\n    at runAndTransformResultsToJestFormat (/Users/kishlayraj/Documents/Projects/others/ToDoProj2/node_modules/jest-circus/build/legacy-code-todo-rewrite/jestAdapterInit.js:170:21)\n    at jestAdapter (/Users/kishlayraj/Documents/Projects/others/ToDoProj2/node_modules/jest-circus/build/legacy-code-todo-rewrite/jestAdapter.js:82:19)\n    at runTestInternal (/Users/kishlayraj/Documents/Projects/others/ToDoProj2/node_modules/jest-runner/build/runTest.js:389:16)\n    at runTest (/Users/kishlayraj/Documents/Projects/others/ToDoProj2/node_modules/jest-runner/build/runTest.js:475:34)\n    at Object.worker (/Users/kishlayraj/Documents/Projects/others/ToDoProj2/node_modules/jest-runner/build/testWorker.js:133:12)"],"fullName":"PomodoroPanel Component renders with default pomodoro state","location":null,"status":"failed","title":"renders with default pomodoro state"},{"ancestorTitles":["PomodoroPanel Component"],"failureMessages":["TypeError: Cannot read properties of undefined (reading 'darkMode')\n    at PomodoroPanel (/Users/kishlayraj/Documents/Projects/others/ToDoProj2/src/components/PomodoroPanel.js:163:26)\n    at renderWithHooks (/Users/kishlayraj/Documents/Projects/others/ToDoProj2/node_modules/react-dom/cjs/react-dom.development.js:15486:18)\n    at mountIndeterminateComponent (/Users/kishlayraj/Documents/Projects/others/ToDoProj2/node_modules/react-dom/cjs/react-dom.development.js:20103:13)\n    at beginWork (/Users/kishlayraj/Documents/Projects/others/ToDoProj2/node_modules/react-dom/cjs/react-dom.development.js:21626:16)\n    at beginWork$1 (/Users/kishlayraj/Documents/Projects/others/ToDoProj2/node_modules/react-dom/cjs/react-dom.development.js:27465:14)\n    at performUnitOfWork (/Users/kishlayraj/Documents/Projects/others/ToDoProj2/node_modules/react-dom/cjs/react-dom.development.js:26599:12)\n    at workLoopSync (/Users/kishlayraj/Documents/Projects/others/ToDoProj2/node_modules/react-dom/cjs/react-dom.development.js:26505:5)\n    at renderRootSync (/Users/kishlayraj/Documents/Projects/others/ToDoProj2/node_modules/react-dom/cjs/react-dom.development.js:26473:7)\n    at recoverFromConcurrentError (/Users/kishlayraj/Documents/Projects/others/ToDoProj2/node_modules/react-dom/cjs/react-dom.development.js:25889:20)\n    at performConcurrentWorkOnRoot (/Users/kishlayraj/Documents/Projects/others/ToDoProj2/node_modules/react-dom/cjs/react-dom.development.js:25789:22)\n    at flushActQueue (/Users/kishlayraj/Documents/Projects/others/ToDoProj2/node_modules/react/cjs/react.development.js:2667:24)\n    at act (/Users/kishlayraj/Documents/Projects/others/ToDoProj2/node_modules/react/cjs/react.development.js:2582:11)\n    at actWithWarning (/Users/kishlayraj/Documents/Projects/others/ToDoProj2/node_modules/react-dom/cjs/react-dom-test-utils.development.js:1740:10)\n    at /Users/kishlayraj/Documents/Projects/others/ToDoProj2/node_modules/@testing-library/react/dist/act-compat.js:63:25\n    at renderRoot (/Users/kishlayraj/Documents/Projects/others/ToDoProj2/node_modules/@testing-library/react/dist/pure.js:159:26)\n    at render (/Users/kishlayraj/Documents/Projects/others/ToDoProj2/node_modules/@testing-library/react/dist/pure.js:246:10)\n    at renderPanel (/Users/kishlayraj/Documents/Projects/others/ToDoProj2/src/components/__tests__/PomodoroPanel.test.js:64:22)\n    at Object.<anonymous> (/Users/kishlayraj/Documents/Projects/others/ToDoProj2/src/components/__tests__/PomodoroPanel.test.js:76:9)\n    at Promise.then.completed (/Users/kishlayraj/Documents/Projects/others/ToDoProj2/node_modules/jest-circus/build/utils.js:391:28)\n    at new Promise (<anonymous>)\n    at callAsyncCircusFn (/Users/kishlayraj/Documents/Projects/others/ToDoProj2/node_modules/jest-circus/build/utils.js:316:10)\n    at _callCircusTest (/Users/kishlayraj/Documents/Projects/others/ToDoProj2/node_modules/jest-circus/build/run.js:218:40)\n    at processTicksAndRejections (node:internal/process/task_queues:95:5)\n    at _runTest (/Users/kishlayraj/Documents/Projects/others/ToDoProj2/node_modules/jest-circus/build/run.js:155:3)\n    at _runTestsForDescribeBlock (/Users/kishlayraj/Documents/Projects/others/ToDoProj2/node_modules/jest-circus/build/run.js:66:9)\n    at _runTestsForDescribeBlock (/Users/kishlayraj/Documents/Projects/others/ToDoProj2/node_modules/jest-circus/build/run.js:60:9)\n    at run (/Users/kishlayraj/Documents/Projects/others/ToDoProj2/node_modules/jest-circus/build/run.js:25:3)\n    at runAndTransformResultsToJestFormat (/Users/kishlayraj/Documents/Projects/others/ToDoProj2/node_modules/jest-circus/build/legacy-code-todo-rewrite/jestAdapterInit.js:170:21)\n    at jestAdapter (/Users/kishlayraj/Documents/Projects/others/ToDoProj2/node_modules/jest-circus/build/legacy-code-todo-rewrite/jestAdapter.js:82:19)\n    at runTestInternal (/Users/kishlayraj/Documents/Projects/others/ToDoProj2/node_modules/jest-runner/build/runTest.js:389:16)\n    at runTest (/Users/kishlayraj/Documents/Projects/others/ToDoProj2/node_modules/jest-runner/build/runTest.js:475:34)\n    at Object.worker (/Users/kishlayraj/Documents/Projects/others/ToDoProj2/node_modules/jest-runner/build/testWorker.js:133:12)"],"fullName":"PomodoroPanel Component switches modes and updates timer","location":null,"status":"failed","title":"switches modes and updates timer"},{"ancestorTitles":["PomodoroPanel Component"],"failureMessages":["TypeError: Cannot read properties of undefined (reading 'darkMode')\n    at PomodoroPanel (/Users/kishlayraj/Documents/Projects/others/ToDoProj2/src/components/PomodoroPanel.js:163:26)\n    at renderWithHooks (/Users/kishlayraj/Documents/Projects/others/ToDoProj2/node_modules/react-dom/cjs/react-dom.development.js:15486:18)\n    at mountIndeterminateComponent (/Users/kishlayraj/Documents/Projects/others/ToDoProj2/node_modules/react-dom/cjs/react-dom.development.js:20103:13)\n    at beginWork (/Users/kishlayraj/Documents/Projects/others/ToDoProj2/node_modules/react-dom/cjs/react-dom.development.js:21626:16)\n    at beginWork$1 (/Users/kishlayraj/Documents/Projects/others/ToDoProj2/node_modules/react-dom/cjs/react-dom.development.js:27465:14)\n    at performUnitOfWork (/Users/kishlayraj/Documents/Projects/others/ToDoProj2/node_modules/react-dom/cjs/react-dom.development.js:26599:12)\n    at workLoopSync (/Users/kishlayraj/Documents/Projects/others/ToDoProj2/node_modules/react-dom/cjs/react-dom.development.js:26505:5)\n    at renderRootSync (/Users/kishlayraj/Documents/Projects/others/ToDoProj2/node_modules/react-dom/cjs/react-dom.development.js:26473:7)\n    at recoverFromConcurrentError (/Users/kishlayraj/Documents/Projects/others/ToDoProj2/node_modules/react-dom/cjs/react-dom.development.js:25889:20)\n    at performConcurrentWorkOnRoot (/Users/kishlayraj/Documents/Projects/others/ToDoProj2/node_modules/react-dom/cjs/react-dom.development.js:25789:22)\n    at flushActQueue (/Users/kishlayraj/Documents/Projects/others/ToDoProj2/node_modules/react/cjs/react.development.js:2667:24)\n    at act (/Users/kishlayraj/Documents/Projects/others/ToDoProj2/node_modules/react/cjs/react.development.js:2582:11)\n    at actWithWarning (/Users/kishlayraj/Documents/Projects/others/ToDoProj2/node_modules/react-dom/cjs/react-dom-test-utils.development.js:1740:10)\n    at /Users/kishlayraj/Documents/Projects/others/ToDoProj2/node_modules/@testing-library/react/dist/act-compat.js:63:25\n    at renderRoot (/Users/kishlayraj/Documents/Projects/others/ToDoProj2/node_modules/@testing-library/react/dist/pure.js:159:26)\n    at render (/Users/kishlayraj/Documents/Projects/others/ToDoProj2/node_modules/@testing-library/react/dist/pure.js:246:10)\n    at renderPanel (/Users/kishlayraj/Documents/Projects/others/ToDoProj2/src/components/__tests__/PomodoroPanel.test.js:64:22)\n    at Object.<anonymous> (/Users/kishlayraj/Documents/Projects/others/ToDoProj2/src/components/__tests__/PomodoroPanel.test.js:87:9)\n    at Promise.then.completed (/Users/kishlayraj/Documents/Projects/others/ToDoProj2/node_modules/jest-circus/build/utils.js:391:28)\n    at new Promise (<anonymous>)\n    at callAsyncCircusFn (/Users/kishlayraj/Documents/Projects/others/ToDoProj2/node_modules/jest-circus/build/utils.js:316:10)\n    at _callCircusTest (/Users/kishlayraj/Documents/Projects/others/ToDoProj2/node_modules/jest-circus/build/run.js:218:40)\n    at processTicksAndRejections (node:internal/process/task_queues:95:5)\n    at _runTest (/Users/kishlayraj/Documents/Projects/others/ToDoProj2/node_modules/jest-circus/build/run.js:155:3)\n    at _runTestsForDescribeBlock (/Users/kishlayraj/Documents/Projects/others/ToDoProj2/node_modules/jest-circus/build/run.js:66:9)\n    at _runTestsForDescribeBlock (/Users/kishlayraj/Documents/Projects/others/ToDoProj2/node_modules/jest-circus/build/run.js:60:9)\n    at run (/Users/kishlayraj/Documents/Projects/others/ToDoProj2/node_modules/jest-circus/build/run.js:25:3)\n    at runAndTransformResultsToJestFormat (/Users/kishlayraj/Documents/Projects/others/ToDoProj2/node_modules/jest-circus/build/legacy-code-todo-rewrite/jestAdapterInit.js:170:21)\n    at jestAdapter (/Users/kishlayraj/Documents/Projects/others/ToDoProj2/node_modules/jest-circus/build/legacy-code-todo-rewrite/jestAdapter.js:82:19)\n    at runTestInternal (/Users/kishlayraj/Documents/Projects/others/ToDoProj2/node_modules/jest-runner/build/runTest.js:389:16)\n    at runTest (/Users/kishlayraj/Documents/Projects/others/ToDoProj2/node_modules/jest-runner/build/runTest.js:475:34)\n    at Object.worker (/Users/kishlayraj/Documents/Projects/others/ToDoProj2/node_modules/jest-runner/build/testWorker.js:133:12)"],"fullName":"PomodoroPanel Component starts and pauses the timer","location":null,"status":"failed","title":"starts and pauses the timer"},{"ancestorTitles":["PomodoroPanel Component"],"failureMessages":["TypeError: Cannot read properties of undefined (reading 'darkMode')\n    at PomodoroPanel (/Users/kishlayraj/Documents/Projects/others/ToDoProj2/src/components/PomodoroPanel.js:163:26)\n    at renderWithHooks (/Users/kishlayraj/Documents/Projects/others/ToDoProj2/node_modules/react-dom/cjs/react-dom.development.js:15486:18)\n    at mountIndeterminateComponent (/Users/kishlayraj/Documents/Projects/others/ToDoProj2/node_modules/react-dom/cjs/react-dom.development.js:20103:13)\n    at beginWork (/Users/kishlayraj/Documents/Projects/others/ToDoProj2/node_modules/react-dom/cjs/react-dom.development.js:21626:16)\n    at beginWork$1 (/Users/kishlayraj/Documents/Projects/others/ToDoProj2/node_modules/react-dom/cjs/react-dom.development.js:27465:14)\n    at performUnitOfWork (/Users/kishlayraj/Documents/Projects/others/ToDoProj2/node_modules/react-dom/cjs/react-dom.development.js:26599:12)\n    at workLoopSync (/Users/kishlayraj/Documents/Projects/others/ToDoProj2/node_modules/react-dom/cjs/react-dom.development.js:26505:5)\n    at renderRootSync (/Users/kishlayraj/Documents/Projects/others/ToDoProj2/node_modules/react-dom/cjs/react-dom.development.js:26473:7)\n    at recoverFromConcurrentError (/Users/kishlayraj/Documents/Projects/others/ToDoProj2/node_modules/react-dom/cjs/react-dom.development.js:25889:20)\n    at performConcurrentWorkOnRoot (/Users/kishlayraj/Documents/Projects/others/ToDoProj2/node_modules/react-dom/cjs/react-dom.development.js:25789:22)\n    at flushActQueue (/Users/kishlayraj/Documents/Projects/others/ToDoProj2/node_modules/react/cjs/react.development.js:2667:24)\n    at act (/Users/kishlayraj/Documents/Projects/others/ToDoProj2/node_modules/react/cjs/react.development.js:2582:11)\n    at actWithWarning (/Users/kishlayraj/Documents/Projects/others/ToDoProj2/node_modules/react-dom/cjs/react-dom-test-utils.development.js:1740:10)\n    at /Users/kishlayraj/Documents/Projects/others/ToDoProj2/node_modules/@testing-library/react/dist/act-compat.js:63:25\n    at renderRoot (/Users/kishlayraj/Documents/Projects/others/ToDoProj2/node_modules/@testing-library/react/dist/pure.js:159:26)\n    at render (/Users/kishlayraj/Documents/Projects/others/ToDoProj2/node_modules/@testing-library/react/dist/pure.js:246:10)\n    at renderPanel (/Users/kishlayraj/Documents/Projects/others/ToDoProj2/src/components/__tests__/PomodoroPanel.test.js:64:22)\n    at Object.<anonymous> (/Users/kishlayraj/Documents/Projects/others/ToDoProj2/src/components/__tests__/PomodoroPanel.test.js:107:9)\n    at Promise.then.completed (/Users/kishlayraj/Documents/Projects/others/ToDoProj2/node_modules/jest-circus/build/utils.js:391:28)\n    at new Promise (<anonymous>)\n    at callAsyncCircusFn (/Users/kishlayraj/Documents/Projects/others/ToDoProj2/node_modules/jest-circus/build/utils.js:316:10)\n    at _callCircusTest (/Users/kishlayraj/Documents/Projects/others/ToDoProj2/node_modules/jest-circus/build/run.js:218:40)\n    at processTicksAndRejections (node:internal/process/task_queues:95:5)\n    at _runTest (/Users/kishlayraj/Documents/Projects/others/ToDoProj2/node_modules/jest-circus/build/run.js:155:3)\n    at _runTestsForDescribeBlock (/Users/kishlayraj/Documents/Projects/others/ToDoProj2/node_modules/jest-circus/build/run.js:66:9)\n    at _runTestsForDescribeBlock (/Users/kishlayraj/Documents/Projects/others/ToDoProj2/node_modules/jest-circus/build/run.js:60:9)\n    at run (/Users/kishlayraj/Documents/Projects/others/ToDoProj2/node_modules/jest-circus/build/run.js:25:3)\n    at runAndTransformResultsToJestFormat (/Users/kishlayraj/Documents/Projects/others/ToDoProj2/node_modules/jest-circus/build/legacy-code-todo-rewrite/jestAdapterInit.js:170:21)\n    at jestAdapter (/Users/kishlayraj/Documents/Projects/others/ToDoProj2/node_modules/jest-circus/build/legacy-code-todo-rewrite/jestAdapter.js:82:19)\n    at runTestInternal (/Users/kishlayraj/Documents/Projects/others/ToDoProj2/node_modules/jest-runner/build/runTest.js:389:16)\n    at runTest (/Users/kishlayraj/Documents/Projects/others/ToDoProj2/node_modules/jest-runner/build/runTest.js:475:34)\n    at Object.worker (/Users/kishlayraj/Documents/Projects/others/ToDoProj2/node_modules/jest-runner/build/testWorker.js:133:12)"],"fullName":"PomodoroPanel Component skips/resets timer correctly","location":null,"status":"failed","title":"skips/resets timer correctly"},{"ancestorTitles":["PomodoroPanel Component"],"failureMessages":["TypeError: Cannot read properties of undefined (reading 'darkMode')\n    at PomodoroPanel (/Users/kishlayraj/Documents/Projects/others/ToDoProj2/src/components/PomodoroPanel.js:163:26)\n    at renderWithHooks (/Users/kishlayraj/Documents/Projects/others/ToDoProj2/node_modules/react-dom/cjs/react-dom.development.js:15486:18)\n    at mountIndeterminateComponent (/Users/kishlayraj/Documents/Projects/others/ToDoProj2/node_modules/react-dom/cjs/react-dom.development.js:20103:13)\n    at beginWork (/Users/kishlayraj/Documents/Projects/others/ToDoProj2/node_modules/react-dom/cjs/react-dom.development.js:21626:16)\n    at beginWork$1 (/Users/kishlayraj/Documents/Projects/others/ToDoProj2/node_modules/react-dom/cjs/react-dom.development.js:27465:14)\n    at performUnitOfWork (/Users/kishlayraj/Documents/Projects/others/ToDoProj2/node_modules/react-dom/cjs/react-dom.development.js:26599:12)\n    at workLoopSync (/Users/kishlayraj/Documents/Projects/others/ToDoProj2/node_modules/react-dom/cjs/react-dom.development.js:26505:5)\n    at renderRootSync (/Users/kishlayraj/Documents/Projects/others/ToDoProj2/node_modules/react-dom/cjs/react-dom.development.js:26473:7)\n    at recoverFromConcurrentError (/Users/kishlayraj/Documents/Projects/others/ToDoProj2/node_modules/react-dom/cjs/react-dom.development.js:25889:20)\n    at performConcurrentWorkOnRoot (/Users/kishlayraj/Documents/Projects/others/ToDoProj2/node_modules/react-dom/cjs/react-dom.development.js:25789:22)\n    at flushActQueue (/Users/kishlayraj/Documents/Projects/others/ToDoProj2/node_modules/react/cjs/react.development.js:2667:24)\n    at act (/Users/kishlayraj/Documents/Projects/others/ToDoProj2/node_modules/react/cjs/react.development.js:2582:11)\n    at actWithWarning (/Users/kishlayraj/Documents/Projects/others/ToDoProj2/node_modules/react-dom/cjs/react-dom-test-utils.development.js:1740:10)\n    at /Users/kishlayraj/Documents/Projects/others/ToDoProj2/node_modules/@testing-library/react/dist/act-compat.js:63:25\n    at renderRoot (/Users/kishlayraj/Documents/Projects/others/ToDoProj2/node_modules/@testing-library/react/dist/pure.js:159:26)\n    at render (/Users/kishlayraj/Documents/Projects/others/ToDoProj2/node_modules/@testing-library/react/dist/pure.js:246:10)\n    at renderPanel (/Users/kishlayraj/Documents/Projects/others/ToDoProj2/src/components/__tests__/PomodoroPanel.test.js:64:22)\n    at Object.<anonymous> (/Users/kishlayraj/Documents/Projects/others/ToDoProj2/src/components/__tests__/PomodoroPanel.test.js:119:9)\n    at Promise.then.completed (/Users/kishlayraj/Documents/Projects/others/ToDoProj2/node_modules/jest-circus/build/utils.js:391:28)\n    at new Promise (<anonymous>)\n    at callAsyncCircusFn (/Users/kishlayraj/Documents/Projects/others/ToDoProj2/node_modules/jest-circus/build/utils.js:316:10)\n    at _callCircusTest (/Users/kishlayraj/Documents/Projects/others/ToDoProj2/node_modules/jest-circus/build/run.js:218:40)\n    at processTicksAndRejections (node:internal/process/task_queues:95:5)\n    at _runTest (/Users/kishlayraj/Documents/Projects/others/ToDoProj2/node_modules/jest-circus/build/run.js:155:3)\n    at _runTestsForDescribeBlock (/Users/kishlayraj/Documents/Projects/others/ToDoProj2/node_modules/jest-circus/build/run.js:66:9)\n    at _runTestsForDescribeBlock (/Users/kishlayraj/Documents/Projects/others/ToDoProj2/node_modules/jest-circus/build/run.js:60:9)\n    at run (/Users/kishlayraj/Documents/Projects/others/ToDoProj2/node_modules/jest-circus/build/run.js:25:3)\n    at runAndTransformResultsToJestFormat (/Users/kishlayraj/Documents/Projects/others/ToDoProj2/node_modules/jest-circus/build/legacy-code-todo-rewrite/jestAdapterInit.js:170:21)\n    at jestAdapter (/Users/kishlayraj/Documents/Projects/others/ToDoProj2/node_modules/jest-circus/build/legacy-code-todo-rewrite/jestAdapter.js:82:19)\n    at runTestInternal (/Users/kishlayraj/Documents/Projects/others/ToDoProj2/node_modules/jest-runner/build/runTest.js:389:16)\n    at runTest (/Users/kishlayraj/Documents/Projects/others/ToDoProj2/node_modules/jest-runner/build/runTest.js:475:34)\n    at Object.worker (/Users/kishlayraj/Documents/Projects/others/ToDoProj2/node_modules/jest-runner/build/testWorker.js:133:12)"],"fullName":"PomodoroPanel Component opens settings and renders inputs","location":null,"status":"failed","title":"opens settings and renders inputs"}],"endTime":1775310300764,"message":"\u001b[1m\u001b[31m  \u001b[1m● \u001b[22m\u001b[1mPomodoroPanel Component › renders with default pomodoro state\u001b[39m\u001b[22m\n\n    TypeError: Cannot read properties of undefined (reading 'darkMode')\n\u001b[2m\u001b[22m\n\u001b[2m    \u001b[0m \u001b[90m 161 |\u001b[39m         flexDirection\u001b[33m:\u001b[39m \u001b[32m'column'\u001b[39m\u001b[33m,\u001b[39m\u001b[22m\n\u001b[2m     \u001b[90m 162 |\u001b[39m         pb\u001b[33m:\u001b[39m \u001b[35m8\u001b[39m\u001b[33m,\u001b[39m \u001b[90m// Add padding at bottom for better scrolling\u001b[39m\u001b[22m\n\u001b[2m    \u001b[31m\u001b[1m>\u001b[22m\u001b[2m\u001b[39m\u001b[90m 163 |\u001b[39m         filter\u001b[33m:\u001b[39m settings\u001b[33m.\u001b[39mdarkMode \u001b[33m&&\u001b[39m isActive \u001b[33m?\u001b[39m \u001b[32m'brightness(0.85)'\u001b[39m \u001b[33m:\u001b[39m \u001b[32m'none'\u001b[39m\u001b[33m,\u001b[39m\u001b[22m\n\u001b[2m     \u001b[90m     |\u001b[39m                          \u001b[31m\u001b[1m^\u001b[22m\u001b[2m\u001b[39m\u001b[22m\n\u001b[2m     \u001b[90m 164 |\u001b[39m         animation\u001b[33m:\u001b[39m \u001b[32m'fadeIn 0.3s cubic-bezier(0.4, 0, 0.2, 1)'\u001b[39m\u001b[33m,\u001b[39m\u001b[22m\n\u001b[2m     \u001b[90m 165 |\u001b[39m         transition\u001b[33m:\u001b[39m \u001b[32m'filter 0.3s ease-in-out'\u001b[39m\u001b[33m,\u001b[39m\u001b[22m\n\u001b[2m     \u001b[90m 166 |\u001b[39m         \u001b[32m'@keyframes fadeIn'\u001b[39m\u001b[33m:\u001b[39m {\u001b[0m\u001b[22m\n\u001b[2m\u001b[22m\n\u001b[2m      \u001b[2mat PomodoroPanel (\u001b[22m\u001b[2msrc/components/PomodoroPanel.js\u001b[2m:163:26)\u001b[22m\u001b[2m\u001b[22m\n\u001b[2m      \u001b[2mat renderWithHooks (\u001b[22m\u001b[2mnode_modules/react-dom/cjs/react-dom.development.js\u001b[2m:15486:18)\u001b[22m\u001b[2m\u001b[22m\n\u001b[2m      \u001b[2mat mountIndeterminateComponent (\u001b[22m\u001b[2mnode_modules/react-dom/cjs/react-dom.development.js\u001b[2m:20103:13)\u001b[22m\u001b[2m\u001b[22m\n\u001b[2m      \u001b[2mat beginWork (\u001b[22m\u001b[2mnode_modules/react-dom/cjs/react-dom.development.js\u001b[2m:21626:16)\u001b[22m\u001b[2m\u001b[22m\n\u001b[2m      \u001b[2mat beginWork$1 (\u001b[22m\u001b[2mnode_modules/react-dom/cjs/react-dom.development.js\u001b[2m:27465:14)\u001b[22m\u001b[2m\u001b[22m\n\u001b[2m      \u001b[2mat performUnitOfWork (\u001b[22m\u001b[2mnode_modules/react-dom/cjs/react-dom.development.js\u001b[2m:26599:12)\u001b[22m\u001b[2m\u001b[22m\n\u001b[2m      \u001b[2mat workLoopSync (\u001b[22m\u001b[2mnode_modules/react-dom/cjs/react-dom.development.js\u001b[2m:26505:5)\u001b[22m\u001b[2m\u001b[22m\n\u001b[2m      \u001b[2mat renderRootSync (\u001b[22m\u001b[2mnode_modules/react-dom/cjs/react-dom.development.js\u001b[2m:26473:7)\u001b[22m\u001b[2m\u001b[22m\n\u001b[2m      \u001b[2mat recoverFromConcurrentError (\u001b[22m\u001b[2mnode_modules/react-dom/cjs/react-dom.development.js\u001b[2m:25889:20)\u001b[22m\u001b[2m\u001b[22m\n\u001b[2m      \u001b[2mat performConcurrentWorkOnRoot (\u001b[22m\u001b[2mnode_modules/react-dom/cjs/react-dom.development.js\u001b[2m:25789:22)\u001b[22m\u001b[2m\u001b[22m\n\u001b[2m      \u001b[2mat flushActQueue (\u001b[22m\u001b[2mnode_modules/react/cjs/react.development.js\u001b[2m:2667:24)\u001b[22m\u001b[2m\u001b[22m\n\u001b[2m      \u001b[2mat act (\u001b[22m\u001b[2mnode_modules/react/cjs/react.development.js\u001b[2m:2582:11)\u001b[22m\u001b[2m\u001b[22m\n\u001b[2m      \u001b[2mat actWithWarning (\u001b[22m\u001b[2mnode_modules/react-dom/cjs/react-dom-test-utils.development.js\u001b[2m:1740:10)\u001b[22m\u001b[2m\u001b[22m\n\u001b[2m      \u001b[2mat \u001b[22m\u001b[2mnode_modules/@testing-library/react/dist/act-compat.js\u001b[2m:63:25\u001b[22m\u001b[2m\u001b[22m\n\u001b[2m      \u001b[2mat renderRoot (\u001b[22m\u001b[2mnode_modules/@testing-library/react/dist/pure.js\u001b[2m:159:26)\u001b[22m\u001b[2m\u001b[22m\n\u001b[2m      \u001b[2mat render (\u001b[22m\u001b[2mnode_modules/@testing-library/react/dist/pure.js\u001b[2m:246:10)\u001b[22m\u001b[2m\u001b[22m\n\u001b[2m      \u001b[2mat renderPanel (\u001b[22m\u001b[2m\u001b[0m\u001b[36msrc/components/__tests__/PomodoroPanel.test.js\u001b[39m\u001b[0m\u001b[2m:64:22)\u001b[22m\u001b[2m\u001b[22m\n\u001b[2m      \u001b[2mat Object.<anonymous> (\u001b[22m\u001b[2m\u001b[0m\u001b[36msrc/components/__tests__/PomodoroPanel.test.js\u001b[39m\u001b[0m\u001b[2m:68:9)\u001b[22m\u001b[2m\u001b[22m\n\n\u001b[1m\u001b[31m  \u001b[1m● \u001b[22m\u001b[1mPomodoroPanel Component › switches modes and updates timer\u001b[39m\u001b[22m\n\n    TypeError: Cannot read properties of undefined (reading 'darkMode')\n\u001b[2m\u001b[22m\n\u001b[2m    \u001b[0m \u001b[90m 161 |\u001b[39m         flexDirection\u001b[33m:\u001b[39m \u001b[32m'column'\u001b[39m\u001b[33m,\u001b[39m\u001b[22m\n\u001b[2m     \u001b[90m 162 |\u001b[39m         pb\u001b[33m:\u001b[39m \u001b[35m8\u001b[39m\u001b[33m,\u001b[39m \u001b[90m// Add padding at bottom for better scrolling\u001b[39m\u001b[22m\n\u001b[2m    \u001b[31m\u001b[1m>\u001b[22m\u001b[2m\u001b[39m\u001b[90m 163 |\u001b[39m         filter\u001b[33m:\u001b[39m settings\u001b[33m.\u001b[39mdarkMode \u001b[33m&&\u001b[39m isActive \u001b[33m?\u001b[39m \u001b[32m'brightness(0.85)'\u001b[39m \u001b[33m:\u001b[39m \u001b[32m'none'\u001b[39m\u001b[33m,\u001b[39m\u001b[22m\n\u001b[2m     \u001b[90m     |\u001b[39m                          \u001b[31m\u001b[1m^\u001b[22m\u001b[2m\u001b[39m\u001b[22m\n\u001b[2m     \u001b[90m 164 |\u001b[39m         animation\u001b[33m:\u001b[39m \u001b[32m'fadeIn 0.3s cubic-bezier(0.4, 0, 0.2, 1)'\u001b[39m\u001b[33m,\u001b[39m\u001b[22m\n\u001b[2m     \u001b[90m 165 |\u001b[39m         transition\u001b[33m:\u001b[39m \u001b[32m'filter 0.3s ease-in-out'\u001b[39m\u001b[33m,\u001b[39m\u001b[22m\n\u001b[2m     \u001b[90m 166 |\u001b[39m         \u001b[32m'@keyframes fadeIn'\u001b[39m\u001b[33m:\u001b[39m {\u001b[0m\u001b[22m\n\u001b[2m\u001b[22m\n\u001b[2m      \u001b[2mat PomodoroPanel (\u001b[22m\u001b[2msrc/components/PomodoroPanel.js\u001b[2m:163:26)\u001b[22m\u001b[2m\u001b[22m\n\u001b[2m      \u001b[2mat renderWithHooks (\u001b[22m\u001b[2mnode_modules/react-dom/cjs/react-dom.development.js\u001b[2m:15486:18)\u001b[22m\u001b[2m\u001b[22m\n\u001b[2m      \u001b[2mat mountIndeterminateComponent (\u001b[22m\u001b[2mnode_modules/react-dom/cjs/react-dom.development.js\u001b[2m:20103:13)\u001b[22m\u001b[2m\u001b[22m\n\u001b[2m      \u001b[2mat beginWork (\u001b[22m\u001b[2mnode_modules/react-dom/cjs/react-dom.development.js\u001b[2m:21626:16)\u001b[22m\u001b[2m\u001b[22m\n\u001b[2m      \u001b[2mat beginWork$1 (\u001b[22m\u001b[2mnode_modules/react-dom/cjs/react-dom.development.js\u001b[2m:27465:14)\u001b[22m\u001b[2m\u001b[22m\n\u001b[2m      \u001b[2mat performUnitOfWork (\u001b[22m\u001b[2mnode_modules/react-dom/cjs/react-dom.development.js\u001b[2m:26599:12)\u001b[22m\u001b[2m\u001b[22m\n\u001b[2m      \u001b[2mat workLoopSync (\u001b[22m\u001b[2mnode_modules/react-dom/cjs/react-dom.development.js\u001b[2m:26505:5)\u001b[22m\u001b[2m\u001b[22m\n\u001b[2m      \u001b[2mat renderRootSync (\u001b[22m\u001b[2mnode_modules/react-dom/cjs/react-dom.development.js\u001b[2m:26473:7)\u001b[22m\u001b[2m\u001b[22m\n\u001b[2m      \u001b[2mat recoverFromConcurrentError (\u001b[22m\u001b[2mnode_modules/react-dom/cjs/react-dom.development.js\u001b[2m:25889:20)\u001b[22m\u001b[2m\u001b[22m\n\u001b[2m      \u001b[2mat performConcurrentWorkOnRoot (\u001b[22m\u001b[2mnode_modules/react-dom/cjs/react-dom.development.js\u001b[2m:25789:22)\u001b[22m\u001b[2m\u001b[22m\n\u001b[2m      \u001b[2mat flushActQueue (\u001b[22m\u001b[2mnode_modules/react/cjs/react.development.js\u001b[2m:2667:24)\u001b[22m\u001b[2m\u001b[22m\n\u001b[2m      \u001b[2mat act (\u001b[22m\u001b[2mnode_modules/react/cjs/react.development.js\u001b[2m:2582:11)\u001b[22m\u001b[2m\u001b[22m\n\u001b[2m      \u001b[2mat actWithWarning (\u001b[22m\u001b[2mnode_modules/react-dom/cjs/react-dom-test-utils.development.js\u001b[2m:1740:10)\u001b[22m\u001b[2m\u001b[22m\n\u001b[2m      \u001b[2mat \u001b[22m\u001b[2mnode_modules/@testing-library/react/dist/act-compat.js\u001b[2m:63:25\u001b[22m\u001b[2m\u001b[22m\n\u001b[2m      \u001b[2mat renderRoot (\u001b[22m\u001b[2mnode_modules/@testing-library/react/dist/pure.js\u001b[2m:159:26)\u001b[22m\u001b[2m\u001b[22m\n\u001b[2m      \u001b[2mat render (\u001b[22m\u001b[2mnode_modules/@testing-library/react/dist/pure.js\u001b[2m:246:10)\u001b[22m\u001b[2m\u001b[22m\n\u001b[2m      \u001b[2mat renderPanel (\u001b[22m\u001b[2m\u001b[0m\u001b[36msrc/components/__tests__/PomodoroPanel.test.js\u001b[39m\u001b[0m\u001b[2m:64:22)\u001b[22m\u001b[2m\u001b[22m\n\u001b[2m      \u001b[2mat Object.<anonymous> (\u001b[22m\u001b[2m\u001b[0m\u001b[36msrc/components/__tests__/PomodoroPanel.test.js\u001b[39m\u001b[0m\u001b[2m:76:9)\u001b[22m\u001b[2m\u001b[22m\n\n\u001b[1m\u001b[31m  \u001b[1m● \u001b[22m\u001b[1mPomodoroPanel Component › starts and pauses the timer\u001b[39m\u001b[22m\n\n    TypeError: Cannot read properties of undefined (reading 'darkMode')\n\u001b[2m\u001b[22m\n\u001b[2m    \u001b[0m \u001b[90m 161 |\u001b[39m         flexDirection\u001b[33m:\u001b[39m \u001b[32m'column'\u001b[39m\u001b[33m,\u001b[39m\u001b[22m\n\u001b[2m     \u001b[90m 162 |\u001b[39m         pb\u001b[33m:\u001b[39m \u001b[35m8\u001b[39m\u001b[33m,\u001b[39m \u001b[90m// Add padding at bottom for better scrolling\u001b[39m\u001b[22m\n\u001b[2m    \u001b[31m\u001b[1m>\u001b[22m\u001b[2m\u001b[39m\u001b[90m 163 |\u001b[39m         filter\u001b[33m:\u001b[39m settings\u001b[33m.\u001b[39mdarkMode \u001b[33m&&\u001b[39m isActive \u001b[33m?\u001b[39m \u001b[32m'brightness(0.85)'\u001b[39m \u001b[33m:\u001b[39m \u001b[32m'none'\u001b[39m\u001b[33m,\u001b[39m\u001b[22m\n\u001b[2m     \u001b[90m     |\u001b[39m                          \u001b[31m\u001b[1m^\u001b[22m\u001b[2m\u001b[39m\u001b[22m\n\u001b[2m     \u001b[90m 164 |\u001b[39m         animation\u001b[33m:\u001b[39m \u001b[32m'fadeIn 0.3s cubic-bezier(0.4, 0, 0.2, 1)'\u001b[39m\u001b[33m,\u001b[39m\u001b[22m\n\u001b[2m     \u001b[90m 165 |\u001b[39m         transition\u001b[33m:\u001b[39m \u001b[32m'filter 0.3s ease-in-out'\u001b[39m\u001b[33m,\u001b[39m\u001b[22m\n\u001b[2m     \u001b[90m 166 |\u001b[39m         \u001b[32m'@keyframes fadeIn'\u001b[39m\u001b[33m:\u001b[39m {\u001b[0m\u001b[22m\n\u001b[2m\u001b[22m\n\u001b[2m      \u001b[2mat PomodoroPanel (\u001b[22m\u001b[2msrc/components/PomodoroPanel.js\u001b[2m:163:26)\u001b[22m\u001b[2m\u001b[22m\n\u001b[2m      \u001b[2mat renderWithHooks (\u001b[22m\u001b[2mnode_modules/react-dom/cjs/react-dom.development.js\u001b[2m:15486:18)\u001b[22m\u001b[2m\u001b[22m\n\u001b[2m      \u001b[2mat mountIndeterminateComponent (\u001b[22m\u001b[2mnode_modules/react-dom/cjs/react-dom.development.js\u001b[2m:20103:13)\u001b[22m\u001b[2m\u001b[22m\n\u001b[2m      \u001b[2mat beginWork (\u001b[22m\u001b[2mnode_modules/react-dom/cjs/react-dom.development.js\u001b[2m:21626:16)\u001b[22m\u001b[2m\u001b[22m\n\u001b[2m      \u001b[2mat beginWork$1 (\u001b[22m\u001b[2mnode_modules/react-dom/cjs/react-dom.development.js\u001b[2m:27465:14)\u001b[22m\u001b[2m\u001b[22m\n\u001b[2m      \u001b[2mat performUnitOfWork (\u001b[22m\u001b[2mnode_modules/react-dom/cjs/react-dom.development.js\u001b[2m:26599:12)\u001b[22m\u001b[2m\u001b[22m\n\u001b[2m      \u001b[2mat workLoopSync (\u001b[22m\u001b[2mnode_modules/react-dom/cjs/react-dom.development.js\u001b[2m:26505:5)\u001b[22m\u001b[2m\u001b[22m\n\u001b[2m      \u001b[2mat renderRootSync (\u001b[22m\u001b[2mnode_modules/react-dom/cjs/react-dom.development.js\u001b[2m:26473:7)\u001b[22m\u001b[2m\u001b[22m\n\u001b[2m      \u001b[2mat recoverFromConcurrentError (\u001b[22m\u001b[2mnode_modules/react-dom/cjs/react-dom.development.js\u001b[2m:25889:20)\u001b[22m\u001b[2m\u001b[22m\n\u001b[2m      \u001b[2mat performConcurrentWorkOnRoot (\u001b[22m\u001b[2mnode_modules/react-dom/cjs/react-dom.development.js\u001b[2m:25789:22)\u001b[22m\u001b[2m\u001b[22m\n\u001b[2m      \u001b[2mat flushActQueue (\u001b[22m\u001b[2mnode_modules/react/cjs/react.development.js\u001b[2m:2667:24)\u001b[22m\u001b[2m\u001b[22m\n\u001b[2m      \u001b[2mat act (\u001b[22m\u001b[2mnode_modules/react/cjs/react.development.js\u001b[2m:2582:11)\u001b[22m\u001b[2m\u001b[22m\n\u001b[2m      \u001b[2mat actWithWarning (\u001b[22m\u001b[2mnode_modules/react-dom/cjs/react-dom-test-utils.development.js\u001b[2m:1740:10)\u001b[22m\u001b[2m\u001b[22m\n\u001b[2m      \u001b[2mat \u001b[22m\u001b[2mnode_modules/@testing-library/react/dist/act-compat.js\u001b[2m:63:25\u001b[22m\u001b[2m\u001b[22m\n\u001b[2m      \u001b[2mat renderRoot (\u001b[22m\u001b[2mnode_modules/@testing-library/react/dist/pure.js\u001b[2m:159:26)\u001b[22m\u001b[2m\u001b[22m\n\u001b[2m      \u001b[2mat render (\u001b[22m\u001b[2mnode_modules/@testing-library/react/dist/pure.js\u001b[2m:246:10)\u001b[22m\u001b[2m\u001b[22m\n\u001b[2m      \u001b[2mat renderPanel (\u001b[22m\u001b[2m\u001b[0m\u001b[36msrc/components/__tests__/PomodoroPanel.test.js\u001b[39m\u001b[0m\u001b[2m:64:22)\u001b[22m\u001b[2m\u001b[22m\n\u001b[2m      \u001b[2mat Object.<anonymous> (\u001b[22m\u001b[2m\u001b[0m\u001b[36msrc/components/__tests__/PomodoroPanel.test.js\u001b[39m\u001b[0m\u001b[2m:87:9)\u001b[22m\u001b[2m\u001b[22m\n\n\u001b[1m\u001b[31m  \u001b[1m● \u001b[22m\u001b[1mPomodoroPanel Component › skips/resets timer correctly\u001b[39m\u001b[22m\n\n    TypeError: Cannot read properties of undefined (reading 'darkMode')\n\u001b[2m\u001b[22m\n\u001b[2m    \u001b[0m \u001b[90m 161 |\u001b[39m         flexDirection\u001b[33m:\u001b[39m \u001b[32m'column'\u001b[39m\u001b[33m,\u001b[39m\u001b[22m\n\u001b[2m     \u001b[90m 162 |\u001b[39m         pb\u001b[33m:\u001b[39m \u001b[35m8\u001b[39m\u001b[33m,\u001b[39m \u001b[90m// Add padding at bottom for better scrolling\u001b[39m\u001b[22m\n\u001b[2m    \u001b[31m\u001b[1m>\u001b[22m\u001b[2m\u001b[39m\u001b[90m 163 |\u001b[39m         filter\u001b[33m:\u001b[39m settings\u001b[33m.\u001b[39mdarkMode \u001b[33m&&\u001b[39m isActive \u001b[33m?\u001b[39m \u001b[32m'brightness(0.85)'\u001b[39m \u001b[33m:\u001b[39m \u001b[32m'none'\u001b[39m\u001b[33m,\u001b[39m\u001b[22m\n\u001b[2m     \u001b[90m     |\u001b[39m                          \u001b[31m\u001b[1m^\u001b[22m\u001b[2m\u001b[39m\u001b[22m\n\u001b[2m     \u001b[90m 164 |\u001b[39m         animation\u001b[33m:\u001b[39m \u001b[32m'fadeIn 0.3s cubic-bezier(0.4, 0, 0.2, 1)'\u001b[39m\u001b[33m,\u001b[39m\u001b[22m\n\u001b[2m     \u001b[90m 165 |\u001b[39m         transition\u001b[33m:\u001b[39m \u001b[32m'filter 0.3s ease-in-out'\u001b[39m\u001b[33m,\u001b[39m\u001b[22m\n\u001b[2m     \u001b[90m 166 |\u001b[39m         \u001b[32m'@keyframes fadeIn'\u001b[39m\u001b[33m:\u001b[39m {\u001b[0m\u001b[22m\n\u001b[2m\u001b[22m\n\u001b[2m      \u001b[2mat PomodoroPanel (\u001b[22m\u001b[2msrc/components/PomodoroPanel.js\u001b[2m:163:26)\u001b[22m\u001b[2m\u001b[22m\n\u001b[2m      \u001b[2mat renderWithHooks (\u001b[22m\u001b[2mnode_modules/react-dom/cjs/react-dom.development.js\u001b[2m:15486:18)\u001b[22m\u001b[2m\u001b[22m\n\u001b[2m      \u001b[2mat mountIndeterminateComponent (\u001b[22m\u001b[2mnode_modules/react-dom/cjs/react-dom.development.js\u001b[2m:20103:13)\u001b[22m\u001b[2m\u001b[22m\n\u001b[2m      \u001b[2mat beginWork (\u001b[22m\u001b[2mnode_modules/react-dom/cjs/react-dom.development.js\u001b[2m:21626:16)\u001b[22m\u001b[2m\u001b[22m\n\u001b[2m      \u001b[2mat beginWork$1 (\u001b[22m\u001b[2mnode_modules/react-dom/cjs/react-dom.development.js\u001b[2m:27465:14)\u001b[22m\u001b[2m\u001b[22m\n\u001b[2m      \u001b[2mat performUnitOfWork (\u001b[22m\u001b[2mnode_modules/react-dom/cjs/react-dom.development.js\u001b[2m:26599:12)\u001b[22m\u001b[2m\u001b[22m\n\u001b[2m      \u001b[2mat workLoopSync (\u001b[22m\u001b[2mnode_modules/react-dom/cjs/react-dom.development.js\u001b[2m:26505:5)\u001b[22m\u001b[2m\u001b[22m\n\u001b[2m      \u001b[2mat renderRootSync (\u001b[22m\u001b[2mnode_modules/react-dom/cjs/react-dom.development.js\u001b[2m:26473:7)\u001b[22m\u001b[2m\u001b[22m\n\u001b[2m      \u001b[2mat recoverFromConcurrentError (\u001b[22m\u001b[2mnode_modules/react-dom/cjs/react-dom.development.js\u001b[2m:25889:20)\u001b[22m\u001b[2m\u001b[22m\n\u001b[2m      \u001b[2mat performConcurrentWorkOnRoot (\u001b[22m\u001b[2mnode_modules/react-dom/cjs/react-dom.development.js\u001b[2m:25789:22)\u001b[22m\u001b[2m\u001b[22m\n\u001b[2m      \u001b[2mat flushActQueue (\u001b[22m\u001b[2mnode_modules/react/cjs/react.development.js\u001b[2m:2667:24)\u001b[22m\u001b[2m\u001b[22m\n\u001b[2m      \u001b[2mat act (\u001b[22m\u001b[2mnode_modules/react/cjs/react.development.js\u001b[2m:2582:11)\u001b[22m\u001b[2m\u001b[22m\n\u001b[2m      \u001b[2mat actWithWarning (\u001b[22m\u001b[2mnode_modules/react-dom/cjs/react-dom-test-utils.development.js\u001b[2m:1740:10)\u001b[22m\u001b[2m\u001b[22m\n\u001b[2m      \u001b[2mat \u001b[22m\u001b[2mnode_modules/@testing-library/react/dist/act-compat.js\u001b[2m:63:25\u001b[22m\u001b[2m\u001b[22m\n\u001b[2m      \u001b[2mat renderRoot (\u001b[22m\u001b[2mnode_modules/@testing-library/react/dist/pure.js\u001b[2m:159:26)\u001b[22m\u001b[2m\u001b[22m\n\u001b[2m      \u001b[2mat render (\u001b[22m\u001b[2mnode_modules/@testing-library/react/dist/pure.js\u001b[2m:246:10)\u001b[22m\u001b[2m\u001b[22m\n\u001b[2m      \u001b[2mat renderPanel (\u001b[22m\u001b[2m\u001b[0m\u001b[36msrc/components/__tests__/PomodoroPanel.test.js\u001b[39m\u001b[0m\u001b[2m:64:22)\u001b[22m\u001b[2m\u001b[22m\n\u001b[2m      \u001b[2mat Object.<anonymous> (\u001b[22m\u001b[2m\u001b[0m\u001b[36msrc/components/__tests__/PomodoroPanel.test.js\u001b[39m\u001b[0m\u001b[2m:107:9)\u001b[22m\u001b[2m\u001b[22m\n\n\u001b[1m\u001b[31m  \u001b[1m● \u001b[22m\u001b[1mPomodoroPanel Component › opens settings and renders inputs\u001b[39m\u001b[22m\n\n    TypeError: Cannot read properties of undefined (reading 'darkMode')\n\u001b[2m\u001b[22m\n\u001b[2m    \u001b[0m \u001b[90m 161 |\u001b[39m         flexDirection\u001b[33m:\u001b[39m \u001b[32m'column'\u001b[39m\u001b[33m,\u001b[39m\u001b[22m\n\u001b[2m     \u001b[90m 162 |\u001b[39m         pb\u001b[33m:\u001b[39m \u001b[35m8\u001b[39m\u001b[33m,\u001b[39m \u001b[90m// Add padding at bottom for better scrolling\u001b[39m\u001b[22m\n\u001b[2m    \u001b[31m\u001b[1m>\u001b[22m\u001b[2m\u001b[39m\u001b[90m 163 |\u001b[39m         filter\u001b[33m:\u001b[39m settings\u001b[33m.\u001b[39mdarkMode \u001b[33m&&\u001b[39m isActive \u001b[33m?\u001b[39m \u001b[32m'brightness(0.85)'\u001b[39m \u001b[33m:\u001b[39m \u001b[32m'none'\u001b[39m\u001b[33m,\u001b[39m\u001b[22m\n\u001b[2m     \u001b[90m     |\u001b[39m                          \u001b[31m\u001b[1m^\u001b[22m\u001b[2m\u001b[39m\u001b[22m\n\u001b[2m     \u001b[90m 164 |\u001b[39m         animation\u001b[33m:\u001b[39m \u001b[32m'fadeIn 0.3s cubic-bezier(0.4, 0, 0.2, 1)'\u001b[39m\u001b[33m,\u001b[39m\u001b[22m\n\u001b[2m     \u001b[90m 165 |\u001b[39m         transition\u001b[33m:\u001b[39m \u001b[32m'filter 0.3s ease-in-out'\u001b[39m\u001b[33m,\u001b[39m\u001b[22m\n\u001b[2m     \u001b[90m 166 |\u001b[39m         \u001b[32m'@keyframes fadeIn'\u001b[39m\u001b[33m:\u001b[39m {\u001b[0m\u001b[22m\n\u001b[2m\u001b[22m\n\u001b[2m      \u001b[2mat PomodoroPanel (\u001b[22m\u001b[2msrc/components/PomodoroPanel.js\u001b[2m:163:26)\u001b[22m\u001b[2m\u001b[22m\n\u001b[2m      \u001b[2mat renderWithHooks (\u001b[22m\u001b[2mnode_modules/react-dom/cjs/react-dom.development.js\u001b[2m:15486:18)\u001b[22m\u001b[2m\u001b[22m\n\u001b[2m      \u001b[2mat mountIndeterminateComponent (\u001b[22m\u001b[2mnode_modules/react-dom/cjs/react-dom.development.js\u001b[2m:20103:13)\u001b[22m\u001b[2m\u001b[22m\n\u001b[2m      \u001b[2mat beginWork (\u001b[22m\u001b[2mnode_modules/react-dom/cjs/react-dom.development.js\u001b[2m:21626:16)\u001b[22m\u001b[2m\u001b[22m\n\u001b[2m      \u001b[2mat beginWork$1 (\u001b[22m\u001b[2mnode_modules/react-dom/cjs/react-dom.development.js\u001b[2m:27465:14)\u001b[22m\u001b[2m\u001b[22m\n\u001b[2m      \u001b[2mat performUnitOfWork (\u001b[22m\u001b[2mnode_modules/react-dom/cjs/react-dom.development.js\u001b[2m:26599:12)\u001b[22m\u001b[2m\u001b[22m\n\u001b[2m      \u001b[2mat workLoopSync (\u001b[22m\u001b[2mnode_modules/react-dom/cjs/react-dom.development.js\u001b[2m:26505:5)\u001b[22m\u001b[2m\u001b[22m\n\u001b[2m      \u001b[2mat renderRootSync (\u001b[22m\u001b[2mnode_modules/react-dom/cjs/react-dom.development.js\u001b[2m:26473:7)\u001b[22m\u001b[2m\u001b[22m\n\u001b[2m      \u001b[2mat recoverFromConcurrentError (\u001b[22m\u001b[2mnode_modules/react-dom/cjs/react-dom.development.js\u001b[2m:25889:20)\u001b[22m\u001b[2m\u001b[22m\n\u001b[2m      \u001b[2mat performConcurrentWorkOnRoot (\u001b[22m\u001b[2mnode_modules/react-dom/cjs/react-dom.development.js\u001b[2m:25789:22)\u001b[22m\u001b[2m\u001b[22m\n\u001b[2m      \u001b[2mat flushActQueue (\u001b[22m\u001b[2mnode_modules/react/cjs/react.development.js\u001b[2m:2667:24)\u001b[22m\u001b[2m\u001b[22m\n\u001b[2m      \u001b[2mat act (\u001b[22m\u001b[2mnode_modules/react/cjs/react.development.js\u001b[2m:2582:11)\u001b[22m\u001b[2m\u001b[22m\n\u001b[2m      \u001b[2mat actWithWarning (\u001b[22m\u001b[2mnode_modules/react-dom/cjs/react-dom-test-utils.development.js\u001b[2m:1740:10)\u001b[22m\u001b[2m\u001b[22m\n\u001b[2m      \u001b[2mat \u001b[22m\u001b[2mnode_modules/@testing-library/react/dist/act-compat.js\u001b[2m:63:25\u001b[22m\u001b[2m\u001b[22m\n\u001b[2m      \u001b[2mat renderRoot (\u001b[22m\u001b[2mnode_modules/@testing-library/react/dist/pure.js\u001b[2m:159:26)\u001b[22m\u001b[2m\u001b[22m\n\u001b[2m      \u001b[2mat render (\u001b[22m\u001b[2mnode_modules/@testing-library/react/dist/pure.js\u001b[2m:246:10)\u001b[22m\u001b[2m\u001b[22m\n\u001b[2m      \u001b[2mat renderPanel (\u001b[22m\u001b[2m\u001b[0m\u001b[36msrc/components/__tests__/PomodoroPanel.test.js\u001b[39m\u001b[0m\u001b[2m:64:22)\u001b[22m\u001b[2m\u001b[22m\n\u001b[2m      \u001b[2mat Object.<anonymous> (\u001b[22m\u001b[2m\u001b[0m\u001b[36msrc/components/__tests__/PomodoroPanel.test.js\u001b[39m\u001b[0m\u001b[2m:119:9)\u001b[22m\u001b[2m\u001b[22m\n","name":"/Users/kishlayraj/Documents/Projects/others/ToDoProj2/src/components/__tests__/PomodoroPanel.test.js","startTime":1775310294973,"status":"failed","summary":""},{"assertionResults":[],"coverage":{},"endTime":1775310302786,"message":"  \u001b[1m● \u001b[22mTest suite failed to run\n\n    \u001b[1m\u001b[31mJest encountered an unexpected token\u001b[39m\u001b[22m\n\n    Jest failed to parse a file. This happens e.g. when your code or its dependencies use non-standard JavaScript syntax, or when Jest is not configured to support such syntax.\n\n    Out of the box Jest supports Babel, which will be used to transform your files into valid JS based on your Babel configuration.\n\n    By default \"node_modules\" folder is ignored by transformers.\n\n    Here's what you can do:\n     • If you are trying to use ECMAScript Modules, see \u001b[4mhttps://jestjs.io/docs/ecmascript-modules\u001b[24m for how to enable it.\n     • If you are trying to use TypeScript, see \u001b[4mhttps://jestjs.io/docs/getting-started#using-typescript\u001b[24m\n     • To have some of your \"node_modules\" files transformed, you can specify a custom \u001b[1m\"transformIgnorePatterns\"\u001b[22m in your config.\n     • If you need a custom transformation specify a \u001b[1m\"transform\"\u001b[22m option in your config.\n     • If you simply want to mock your non-JS modules (e.g. binary assets) you can stub them out with the \u001b[1m\"moduleNameMapper\"\u001b[22m config option.\n\n    You'll find more details and examples of these config options in the docs:\n    \u001b[36mhttps://jestjs.io/docs/configuration\u001b[39m\n    For information about custom transformations, see:\n    \u001b[36mhttps://jestjs.io/docs/code-transformation\u001b[39m\n\n    \u001b[1m\u001b[31mDetails:\u001b[39m\u001b[22m\n\n    /Users/kishlayraj/Documents/Projects/others/ToDoProj2/node_modules/@octokit/rest/dist-src/index.js:1\n    ({\"Object.<anonymous>\":function(module,exports,require,__dirname,__filename,jest){import { Octokit as Core } from \"@octokit/core\";\n                                                                                      ^^^^^^\n\n    SyntaxError: Cannot use import statement outside a module\n\n    \u001b[0m \u001b[90m 2 |\u001b[39m \u001b[36mimport\u001b[39m { db } \u001b[36mfrom\u001b[39m \u001b[32m'../firebase'\u001b[39m\u001b[33m;\u001b[39m\n     \u001b[90m 3 |\u001b[39m \u001b[36mimport\u001b[39m { collection\u001b[33m,\u001b[39m getDocs\u001b[33m,\u001b[39m doc\u001b[33m,\u001b[39m getDoc\u001b[33m,\u001b[39m setDoc\u001b[33m,\u001b[39m writeBatch } \u001b[36mfrom\u001b[39m \u001b[32m'firebase/firestore'\u001b[39m\u001b[33m;\u001b[39m\n    \u001b[31m\u001b[1m>\u001b[22m\u001b[39m\u001b[90m 4 |\u001b[39m \u001b[36mimport\u001b[39m { \u001b[33mOctokit\u001b[39m } \u001b[36mfrom\u001b[39m \u001b[32m'@octokit/rest'\u001b[39m\u001b[33m;\u001b[39m\n     \u001b[90m   |\u001b[39m \u001b[31m\u001b[1m^\u001b[22m\u001b[39m\n     \u001b[90m 5 |\u001b[39m \u001b[36mimport\u001b[39m { format\u001b[33m,\u001b[39m parseISO\u001b[33m,\u001b[39m isValid } \u001b[36mfrom\u001b[39m \u001b[32m'date-fns'\u001b[39m\u001b[33m;\u001b[39m\n     \u001b[90m 6 |\u001b[39m \u001b[36mimport\u001b[39m { useAuth } \u001b[36mfrom\u001b[39m \u001b[32m'../contexts/AuthContext'\u001b[39m\u001b[33m;\u001b[39m\n     \u001b[90m 7 |\u001b[39m\u001b[0m\n\n      \u001b[2mat Runtime.createScriptFromCode (\u001b[22mnode_modules/jest-runtime/build/index.js\u001b[2m:1728:14)\u001b[22m\n      \u001b[2mat Object.<anonymous> (\u001b[22msrc/hooks/useGitHubSync.js\u001b[2m:4:1)\u001b[22m\n      \u001b[2mat Object.<anonymous> (\u001b[22msrc/components/Settings.js\u001b[2m:41:1)\u001b[22m\n      \u001b[2mat Object.<anonymous> (\u001b[22m\u001b[0m\u001b[36msrc/components/__tests__/Settings.test.js\u001b[39m\u001b[0m\u001b[2m:4:1)\u001b[22m\n","name":"/Users/kishlayraj/Documents/Projects/others/ToDoProj2/src/components/__tests__/Settings.test.js","startTime":1775310302786,"status":"failed","summary":""},{"assertionResults":[],"coverage":{},"endTime":1775310302786,"message":"  \u001b[1m● \u001b[22mTest suite failed to run\n\n    \u001b[1m\u001b[31mJest encountered an unexpected token\u001b[39m\u001b[22m\n\n    Jest failed to parse a file. This happens e.g. when your code or its dependencies use non-standard JavaScript syntax, or when Jest is not configured to support such syntax.\n\n    Out of the box Jest supports Babel, which will be used to transform your files into valid JS based on your Babel configuration.\n\n    By default \"node_modules\" folder is ignored by transformers.\n\n    Here's what you can do:\n     • If you are trying to use ECMAScript Modules, see \u001b[4mhttps://jestjs.io/docs/ecmascript-modules\u001b[24m for how to enable it.\n     • If you are trying to use TypeScript, see \u001b[4mhttps://jestjs.io/docs/getting-started#using-typescript\u001b[24m\n     • To have some of your \"node_modules\" files transformed, you can specify a custom \u001b[1m\"transformIgnorePatterns\"\u001b[22m in your config.\n     • If you need a custom transformation specify a \u001b[1m\"transform\"\u001b[22m option in your config.\n     • If you simply want to mock your non-JS modules (e.g. binary assets) you can stub them out with the \u001b[1m\"moduleNameMapper\"\u001b[22m config option.\n\n    You'll find more details and examples of these config options in the docs:\n    \u001b[36mhttps://jestjs.io/docs/configuration\u001b[39m\n    For information about custom transformations, see:\n    \u001b[36mhttps://jestjs.io/docs/code-transformation\u001b[39m\n\n    \u001b[1m\u001b[31mDetails:\u001b[39m\u001b[22m\n\n    /Users/kishlayraj/Documents/Projects/others/ToDoProj2/node_modules/@octokit/rest/dist-src/index.js:1\n    ({\"Object.<anonymous>\":function(module,exports,require,__dirname,__filename,jest){import { Octokit as Core } from \"@octokit/core\";\n                                                                                      ^^^^^^\n\n    SyntaxError: Cannot use import statement outside a module\n\n    \u001b[0m \u001b[90m 2 |\u001b[39m \u001b[36mimport\u001b[39m { db } \u001b[36mfrom\u001b[39m \u001b[32m'../firebase'\u001b[39m\u001b[33m;\u001b[39m\n     \u001b[90m 3 |\u001b[39m \u001b[36mimport\u001b[39m { collection\u001b[33m,\u001b[39m getDocs\u001b[33m,\u001b[39m doc\u001b[33m,\u001b[39m getDoc\u001b[33m,\u001b[39m setDoc\u001b[33m,\u001b[39m writeBatch } \u001b[36mfrom\u001b[39m \u001b[32m'firebase/firestore'\u001b[39m\u001b[33m;\u001b[39m\n    \u001b[31m\u001b[1m>\u001b[22m\u001b[39m\u001b[90m 4 |\u001b[39m \u001b[36mimport\u001b[39m { \u001b[33mOctokit\u001b[39m } \u001b[36mfrom\u001b[39m \u001b[32m'@octokit/rest'\u001b[39m\u001b[33m;\u001b[39m\n     \u001b[90m   |\u001b[39m \u001b[31m\u001b[1m^\u001b[22m\u001b[39m\n     \u001b[90m 5 |\u001b[39m \u001b[36mimport\u001b[39m { format\u001b[33m,\u001b[39m parseISO\u001b[33m,\u001b[39m isValid } \u001b[36mfrom\u001b[39m \u001b[32m'date-fns'\u001b[39m\u001b[33m;\u001b[39m\n     \u001b[90m 6 |\u001b[39m \u001b[36mimport\u001b[39m { useAuth } \u001b[36mfrom\u001b[39m \u001b[32m'../contexts/AuthContext'\u001b[39m\u001b[33m;\u001b[39m\n     \u001b[90m 7 |\u001b[39m\u001b[0m\n\n      \u001b[2mat Runtime.createScriptFromCode (\u001b[22mnode_modules/jest-runtime/build/index.js\u001b[2m:1728:14)\u001b[22m\n      \u001b[2mat Object.<anonymous> (\u001b[22msrc/hooks/useGitHubSync.js\u001b[2m:4:1)\u001b[22m\n      \u001b[2mat Object.<anonymous> (\u001b[22msrc/mobile/MobileApp.js\u001b[2m:11:1)\u001b[22m\n      \u001b[2mat Object.<anonymous> (\u001b[22m\u001b[0m\u001b[36msrc/mobile/__tests__/MobileApp.test.js\u001b[39m\u001b[0m\u001b[2m:3:1)\u001b[22m\n","name":"/Users/kishlayraj/Documents/Projects/others/ToDoProj2/src/mobile/__tests__/MobileApp.test.js","startTime":1775310302786,"status":"failed","summary":""}],"wasInterrupted":false,"coverageMap":{"/Users/kishlayraj/Documents/Projects/others/ToDoProj2/src/components/CalendarView.js":{"path":"/Users/kishlayraj/Documents/Projects/others/ToDoProj2/src/components/CalendarView.js","statementMap":{"0":{"start":{"line":19,"column":16},"end":{"line":21,"column":1}},"1":{"start":{"line":23,"column":18},"end":{"line":29,"column":2}},"2":{"start":{"line":31,"column":20},"end":{"line":31,"column":45}},"3":{"start":{"line":34,"column":42},"end":{"line":34,"column":56}},"4":{"start":{"line":35,"column":48},"end":{"line":38,"column":4}},"5":{"start":{"line":39,"column":38},"end":{"line":42,"column":4}},"6":{"start":{"line":43,"column":50},"end":{"line":43,"column":64}},"7":{"start":{"line":46,"column":14},"end":{"line":46,"column":24}},"8":{"start":{"line":47,"column":21},"end":{"line":47,"column":98}},"9":{"start":{"line":49,"column":17},"end":{"line":79,"column":6}},"10":{"start":{"line":52,"column":6},"end":{"line":52,"column":44}},"11":{"start":{"line":52,"column":31},"end":{"line":52,"column":44}},"12":{"start":{"line":53,"column":19},"end":{"line":53,"column":47}},"13":{"start":{"line":54,"column":6},"end":{"line":54,"column":36}},"14":{"start":{"line":56,"column":18},"end":{"line":63,"column":5}},"15":{"start":{"line":65,"column":6},"end":{"line":65,"column":39}},"16":{"start":{"line":65,"column":29},"end":{"line":65,"column":39}},"17":{"start":{"line":66,"column":6},"end":{"line":66,"column":38}},"18":{"start":{"line":66,"column":29},"end":{"line":66,"column":38}},"19":{"start":{"line":69,"column":24},"end":{"line":69,"column":39}},"20":{"start":{"line":70,"column":24},"end":{"line":70,"column":39}},"21":{"start":{"line":71,"column":6},"end":{"line":71,"column":43}},"22":{"start":{"line":71,"column":33},"end":{"line":71,"column":43}},"23":{"start":{"line":72,"column":6},"end":{"line":72,"column":42}},"24":{"start":{"line":72,"column":33},"end":{"line":72,"column":42}},"25":{"start":{"line":75,"column":6},"end":{"line":75,"column":33}},"26":{"start":{"line":75,"column":23},"end":{"line":75,"column":33}},"27":{"start":{"line":76,"column":6},"end":{"line":76,"column":32}},"28":{"start":{"line":76,"column":23},"end":{"line":76,"column":32}},"29":{"start":{"line":78,"column":6},"end":{"line":78,"column":15}},"30":{"start":{"line":81,"column":27},"end":{"line":92,"column":36}},"31":{"start":{"line":82,"column":4},"end":{"line":91,"column":5}},"32":{"start":{"line":83,"column":6},"end":{"line":83,"column":45}},"33":{"start":{"line":84,"column":6},"end":{"line":84,"column":28}},"34":{"start":{"line":87,"column":6},"end":{"line":90,"column":9}},"35":{"start":{"line":94,"column":25},"end":{"line":96,"column":8}},"36":{"start":{"line":95,"column":4},"end":{"line":95,"column":27}},"37":{"start":{"line":98,"column":30},"end":{"line":118,"column":3}},"38":{"start":{"line":100,"column":24},"end":{"line":100,"column":67}},"39":{"start":{"line":101,"column":21},"end":{"line":101,"column":66}},"40":{"start":{"line":104,"column":23},"end":{"line":104,"column":44}},"41":{"start":{"line":105,"column":27},"end":{"line":105,"column":29}},"42":{"start":{"line":106,"column":25},"end":{"line":106,"column":45}},"43":{"start":{"line":109,"column":25},"end":{"line":109,"column":54}},"44":{"start":{"line":110,"column":18},"end":{"line":110,"column":47}},"45":{"start":{"line":111,"column":20},"end":{"line":111,"column":61}},"46":{"start":{"line":114,"column":21},"end":{"line":114,"column":43}},"47":{"start":{"line":115,"column":4},"end":{"line":115,"column":44}},"48":{"start":{"line":117,"column":4},"end":{"line":117,"column":20}},"49":{"start":{"line":120,"column":21},"end":{"line":152,"column":36}},"50":{"start":{"line":121,"column":4},"end":{"line":121,"column":27}},"51":{"start":{"line":122,"column":4},"end":{"line":151,"column":5}},"52":{"start":{"line":123,"column":26},"end":{"line":123,"column":60}},"53":{"start":{"line":124,"column":6},"end":{"line":127,"column":7}},"54":{"start":{"line":125,"column":8},"end":{"line":125,"column":57}},"55":{"start":{"line":126,"column":8},"end":{"line":126,"column":15}},"56":{"start":{"line":129,"column":23},"end":{"line":129,"column":46}},"57":{"start":{"line":130,"column":26},"end":{"line":130,"column":69}},"58":{"start":{"line":132,"column":6},"end":{"line":139,"column":7}},"59":{"start":{"line":133,"column":8},"end":{"line":133,"column":69}},"60":{"start":{"line":135,"column":20},"end":{"line":135,"column":42}},"61":{"start":{"line":136,"column":8},"end":{"line":136,"column":53}},"62":{"start":{"line":137,"column":8},"end":{"line":137,"column":41}},"63":{"start":{"line":138,"column":8},"end":{"line":138,"column":15}},"64":{"start":{"line":141,"column":30},"end":{"line":141,"column":65}},"65":{"start":{"line":144,"column":24},"end":{"line":144,"column":83}},"66":{"start":{"line":146,"column":23},"end":{"line":146,"column":53}},"67":{"start":{"line":148,"column":6},"end":{"line":148,"column":44}},"68":{"start":{"line":150,"column":6},"end":{"line":150,"column":51}},"69":{"start":{"line":154,"column":26},"end":{"line":158,"column":22}},"70":{"start":{"line":156,"column":21},"end":{"line":156,"column":48}},"71":{"start":{"line":157,"column":4},"end":{"line":157,"column":46}},"72":{"start":{"line":160,"column":28},"end":{"line":164,"column":22}},"73":{"start":{"line":162,"column":21},"end":{"line":162,"column":48}},"74":{"start":{"line":163,"column":4},"end":{"line":163,"column":46}},"75":{"start":{"line":166,"column":21},"end":{"line":187,"column":3}},"76":{"start":{"line":168,"column":6},"end":{"line":185,"column":12}},"77":{"start":{"line":170,"column":47},"end":{"line":170,"column":71}},"78":{"start":{"line":175,"column":28},"end":{"line":175,"column":64}},"79":{"start":{"line":179,"column":47},"end":{"line":179,"column":71}},"80":{"start":{"line":189,"column":32},"end":{"line":199,"column":3}},"81":{"start":{"line":191,"column":17},"end":{"line":196,"column":5}},"82":{"start":{"line":197,"column":4},"end":{"line":197,"column":23}},"83":{"start":{"line":198,"column":4},"end":{"line":198,"column":60}},"84":{"start":{"line":201,"column":33},"end":{"line":206,"column":3}},"85":{"start":{"line":202,"column":4},"end":{"line":205,"column":7}},"86":{"start":{"line":208,"column":25},"end":{"line":211,"column":3}},"87":{"start":{"line":209,"column":4},"end":{"line":209,"column":29}},"88":{"start":{"line":210,"column":4},"end":{"line":210,"column":47}},"89":{"start":{"line":213,"column":27},"end":{"line":216,"column":3}},"90":{"start":{"line":214,"column":4},"end":{"line":214,"column":26}},"91":{"start":{"line":215,"column":4},"end":{"line":215,"column":30}},"92":{"start":{"line":218,"column":2},"end":{"line":339,"column":4}},"93":{"start":{"line":234,"column":28},"end":{"line":234,"column":46}},"94":{"start":{"line":243,"column":37},"end":{"line":250,"column":9}},"95":{"start":{"line":255,"column":23},"end":{"line":255,"column":48}},"96":{"start":{"line":328,"column":23},"end":{"line":328,"column":78}},"97":{"start":{"line":335,"column":23},"end":{"line":335,"column":65}}},"fnMap":{"0":{"name":"CalendarView","decl":{"start":{"line":33,"column":9},"end":{"line":33,"column":21}},"loc":{"start":{"line":33,"column":114},"end":{"line":340,"column":1}},"line":33},"1":{"name":"(anonymous_1)","decl":{"start":{"line":50,"column":12},"end":{"line":50,"column":13}},"loc":{"start":{"line":50,"column":20},"end":{"line":55,"column":5}},"line":50},"2":{"name":"(anonymous_2)","decl":{"start":{"line":56,"column":9},"end":{"line":56,"column":10}},"loc":{"start":{"line":56,"column":18},"end":{"line":63,"column":5}},"line":56},"3":{"name":"(anonymous_3)","decl":{"start":{"line":63,"column":13},"end":{"line":63,"column":14}},"loc":{"start":{"line":63,"column":23},"end":{"line":79,"column":5}},"line":63},"4":{"name":"(anonymous_4)","decl":{"start":{"line":81,"column":39},"end":{"line":81,"column":40}},"loc":{"start":{"line":81,"column":54},"end":{"line":92,"column":3}},"line":81},"5":{"name":"(anonymous_5)","decl":{"start":{"line":94,"column":37},"end":{"line":94,"column":38}},"loc":{"start":{"line":94,"column":48},"end":{"line":96,"column":3}},"line":94},"6":{"name":"(anonymous_6)","decl":{"start":{"line":98,"column":30},"end":{"line":98,"column":31}},"loc":{"start":{"line":98,"column":37},"end":{"line":118,"column":3}},"line":98},"7":{"name":"(anonymous_7)","decl":{"start":{"line":120,"column":33},"end":{"line":120,"column":34}},"loc":{"start":{"line":120,"column":44},"end":{"line":152,"column":3}},"line":120},"8":{"name":"(anonymous_8)","decl":{"start":{"line":154,"column":38},"end":{"line":154,"column":39}},"loc":{"start":{"line":154,"column":65},"end":{"line":158,"column":3}},"line":154},"9":{"name":"(anonymous_9)","decl":{"start":{"line":160,"column":40},"end":{"line":160,"column":41}},"loc":{"start":{"line":160,"column":67},"end":{"line":164,"column":3}},"line":160},"10":{"name":"(anonymous_10)","decl":{"start":{"line":167,"column":13},"end":{"line":167,"column":14}},"loc":{"start":{"line":168,"column":6},"end":{"line":185,"column":12}},"line":168},"11":{"name":"(anonymous_11)","decl":{"start":{"line":170,"column":41},"end":{"line":170,"column":42}},"loc":{"start":{"line":170,"column":47},"end":{"line":170,"column":71}},"line":170},"12":{"name":"(anonymous_12)","decl":{"start":{"line":175,"column":21},"end":{"line":175,"column":22}},"loc":{"start":{"line":175,"column":28},"end":{"line":175,"column":64}},"line":175},"13":{"name":"(anonymous_13)","decl":{"start":{"line":179,"column":41},"end":{"line":179,"column":42}},"loc":{"start":{"line":179,"column":47},"end":{"line":179,"column":71}},"line":179},"14":{"name":"(anonymous_14)","decl":{"start":{"line":189,"column":32},"end":{"line":189,"column":33}},"loc":{"start":{"line":189,"column":46},"end":{"line":199,"column":3}},"line":189},"15":{"name":"(anonymous_15)","decl":{"start":{"line":201,"column":33},"end":{"line":201,"column":34}},"loc":{"start":{"line":201,"column":44},"end":{"line":206,"column":3}},"line":201},"16":{"name":"(anonymous_16)","decl":{"start":{"line":208,"column":25},"end":{"line":208,"column":26}},"loc":{"start":{"line":208,"column":41},"end":{"line":211,"column":3}},"line":208},"17":{"name":"(anonymous_17)","decl":{"start":{"line":213,"column":27},"end":{"line":213,"column":28}},"loc":{"start":{"line":213,"column":40},"end":{"line":216,"column":3}},"line":213},"18":{"name":"(anonymous_18)","decl":{"start":{"line":234,"column":20},"end":{"line":234,"column":21}},"loc":{"start":{"line":234,"column":28},"end":{"line":234,"column":46}},"line":234},"19":{"name":"(anonymous_19)","decl":{"start":{"line":243,"column":25},"end":{"line":243,"column":26}},"loc":{"start":{"line":243,"column":37},"end":{"line":250,"column":9}},"line":243},"20":{"name":"(anonymous_20)","decl":{"start":{"line":255,"column":17},"end":{"line":255,"column":18}},"loc":{"start":{"line":255,"column":23},"end":{"line":255,"column":48}},"line":255},"21":{"name":"(anonymous_21)","decl":{"start":{"line":328,"column":17},"end":{"line":328,"column":18}},"loc":{"start":{"line":328,"column":23},"end":{"line":328,"column":78}},"line":328},"22":{"name":"(anonymous_22)","decl":{"start":{"line":335,"column":17},"end":{"line":335,"column":18}},"loc":{"start":{"line":335,"column":23},"end":{"line":335,"column":65}},"line":335}},"branchMap":{"0":{"loc":{"start":{"line":52,"column":6},"end":{"line":52,"column":44}},"type":"if","locations":[{"start":{"line":52,"column":6},"end":{"line":52,"column":44}},{"start":{},"end":{}}],"line":52},"1":{"loc":{"start":{"line":65,"column":6},"end":{"line":65,"column":39}},"type":"if","locations":[{"start":{"line":65,"column":6},"end":{"line":65,"column":39}},{"start":{},"end":{}}],"line":65},"2":{"loc":{"start":{"line":66,"column":6},"end":{"line":66,"column":38}},"type":"if","locations":[{"start":{"line":66,"column":6},"end":{"line":66,"column":38}},{"start":{},"end":{}}],"line":66},"3":{"loc":{"start":{"line":71,"column":6},"end":{"line":71,"column":43}},"type":"if","locations":[{"start":{"line":71,"column":6},"end":{"line":71,"column":43}},{"start":{},"end":{}}],"line":71},"4":{"loc":{"start":{"line":72,"column":6},"end":{"line":72,"column":42}},"type":"if","locations":[{"start":{"line":72,"column":6},"end":{"line":72,"column":42}},{"start":{},"end":{}}],"line":72},"5":{"loc":{"start":{"line":75,"column":6},"end":{"line":75,"column":33}},"type":"if","locations":[{"start":{"line":75,"column":6},"end":{"line":75,"column":33}},{"start":{},"end":{}}],"line":75},"6":{"loc":{"start":{"line":76,"column":6},"end":{"line":76,"column":32}},"type":"if","locations":[{"start":{"line":76,"column":6},"end":{"line":76,"column":32}},{"start":{},"end":{}}],"line":76},"7":{"loc":{"start":{"line":82,"column":4},"end":{"line":91,"column":5}},"type":"if","locations":[{"start":{"line":82,"column":4},"end":{"l
[...]
}},{"start":{"line":468,"column":152},"end":{"line":468,"column":155}}],"line":468},"47":{"loc":{"start":{"line":468,"column":112},"end":{"line":468,"column":133}},"type":"binary-expr","locations":[{"start":{"line":468,"column":112},"end":{"line":468,"column":127}},{"start":{"line":468,"column":131},"end":{"line":468,"column":133}}],"line":468},"48":{"loc":{"start":{"line":470,"column":45},"end":{"line":470,"column":68}},"type":"binary-expr","locations":[{"start":{"line":470,"column":45},"end":{"line":470,"column":59}},{"start":{"line":470,"column":63},"end":{"line":470,"column":68}}],"line":470},"49":{"loc":{"start":{"line":472,"column":62},"end":{"line":472,"column":83}},"type":"binary-expr","locations":[{"start":{"line":472,"column":62},"end":{"line":472,"column":77}},{"start":{"line":472,"column":81},"end":{"line":472,"column":83}}],"line":472},"50":{"loc":{"start":{"line":483,"column":43},"end":{"line":483,"column":58}},"type":"binary-expr","locations":[{"start":{"line":483,"column":43},"end":{"line":483,"column":52}},{"start":{"line":483,"column":56},"end":{"line":483,"column":58}}],"line":483},"51":{"loc":{"start":{"line":485,"column":62},"end":{"line":485,"column":83}},"type":"binary-expr","locations":[{"start":{"line":485,"column":62},"end":{"line":485,"column":77}},{"start":{"line":485,"column":81},"end":{"line":485,"column":83}}],"line":485},"52":{"loc":{"start":{"line":490,"column":58},"end":{"line":490,"column":98}},"type":"cond-expr","locations":[{"start":{"line":490,"column":75},"end":{"line":490,"column":89}},{"start":{"line":490,"column":92},"end":{"line":490,"column":98}}],"line":490},"53":{"loc":{"start":{"line":490,"column":109},"end":{"line":490,"column":133}},"type":"cond-expr","locations":[{"start":{"line":490,"column":126},"end":{"line":490,"column":129}},{"start":{"line":490,"column":132},"end":{"line":490,"column":133}}],"line":490},"54":{"loc":{"start":{"line":495,"column":58},"end":{"line":495,"column":79}},"type":"binary-expr","locations":[{"start":{"line":495,"column":58},"end":{"line":495,"column":73}},{"start":{"line":495,"column":77},"end":{"line":495,"column":79}}],"line":495},"55":{"loc":{"start":{"line":509,"column":71},"end":{"line":509,"column":92}},"type":"binary-expr","locations":[{"start":{"line":509,"column":71},"end":{"line":509,"column":86}},{"start":{"line":509,"column":90},"end":{"line":509,"column":92}}],"line":509},"56":{"loc":{"start":{"line":511,"column":38},"end":{"line":511,"column":82}},"type":"cond-expr","locations":[{"start":{"line":511,"column":75},"end":{"line":511,"column":78}},{"start":{"line":511,"column":81},"end":{"line":511,"column":82}}],"line":511},"57":{"loc":{"start":{"line":511,"column":39},"end":{"line":511,"column":60}},"type":"binary-expr","locations":[{"start":{"line":511,"column":39},"end":{"line":511,"column":54}},{"start":{"line":511,"column":58},"end":{"line":511,"column":60}}],"line":511},"58":{"loc":{"start":{"line":519,"column":103},"end":{"line":519,"column":119}},"type":"binary-expr","locations":[{"start":{"line":519,"column":103},"end":{"line":519,"column":113}},{"start":{"line":519,"column":117},"end":{"line":519,"column":119}}],"line":519},"59":{"loc":{"start":{"line":524,"column":55},"end":{"line":524,"column":81}},"type":"binary-expr","locations":[{"start":{"line":524,"column":55},"end":{"line":524,"column":72}},{"start":{"line":524,"column":76},"end":{"line":524,"column":81}}],"line":524},"60":{"loc":{"start":{"line":524,"column":122},"end":{"line":524,"column":138}},"type":"binary-expr","locations":[{"start":{"line":524,"column":122},"end":{"line":524,"column":132}},{"start":{"line":524,"column":136},"end":{"line":524,"column":138}}],"line":524},"61":{"loc":{"start":{"line":533,"column":58},"end":{"line":533,"column":75}},"type":"cond-expr","locations":[{"start":{"line":533,"column":70},"end":{"line":533,"column":71}},{"start":{"line":533,"column":74},"end":{"line":533,"column":75}}],"line":533},"62":{"loc":{"start":{"line":535,"column":107},"end":{"line":535,"column":130}},"type":"binary-expr","locations":[{"start":{"line":535,"column":107},"end":{"line":535,"column":124}},{"start":{"line":535,"column":128},"end":{"line":535,"column":130}}],"line":535},"63":{"loc":{"start":{"line":545,"column":90},"end":{"line":545,"column":145}},"type":"cond-expr","locations":[{"start":{"line":545,"column":100},"end":{"line":545,"column":119}},{"start":{"line":545,"column":122},"end":{"line":545,"column":145}}],"line":545},"64":{"loc":{"start":{"line":545,"column":156},"end":{"line":545,"column":202}},"type":"cond-expr","locations":[{"start":{"line":545,"column":166},"end":{"line":545,"column":192}},{"start":{"line":545,"column":195},"end":{"line":545,"column":202}}],"line":545},"65":{"loc":{"start":{"line":547,"column":96},"end":{"line":547,"column":132}},"type":"cond-expr","locations":[{"start":{"line":547,"column":106},"end":{"line":547,"column":115}},{"start":{"line":547,"column":118},"end":{"line":547,"column":132}}],"line":547},"66":{"loc":{"start":{"line":550,"column":115},"end":{"line":550,"column":146}},"type":"binary-expr","locations":[{"start":{"line":550,"column":115},"end":{"line":550,"column":140}},{"start":{"line":550,"column":144},"end":{"line":550,"column":146}}],"line":550},"67":{"loc":{"start":{"line":564,"column":35},"end":{"line":564,"column":56}},"type":"binary-expr","locations":[{"start":{"line":564,"column":35},"end":{"line":564,"column":50}},{"start":{"line":564,"column":54},"end":{"line":564,"column":56}}],"line":564},"68":{"loc":{"start":{"line":589,"column":140},"end":{"line":589,"column":169}},"type":"binary-expr","locations":[{"start":{"line":589,"column":140},"end":{"line":589,"column":163}},{"start":{"line":589,"column":167},"end":{"line":589,"column":169}}],"line":589},"69":{"loc":{"start":{"line":593,"column":121},"end":{"line":593,"column":143}},"type":"binary-expr","locations":[{"start":{"line":593,"column":121},"end":{"line":593,"column":137}},{"start":{"line":593,"column":141},"end":{"line":593,"column":143}}],"line":593},"70":{"loc":{"start":{"line":631,"column":41},"end":{"line":631,"column":86}},"type":"cond-expr","locations":[{"start":{"line":631,"column":55},"end":{"line":631,"column":69}},{"start":{"line":631,"column":72},"end":{"line":631,"column":86}}],"line":631},"71":{"loc":{"start":{"line":635,"column":37},"end":{"line":641,"column":37}},"type":"binary-expr","locations":[{"start":{"line":635,"column":37},"end":{"line":635,"column":67}},{"start":{"line":636,"column":40},"end":{"line":640,"column":48}}],"line":635},"72":{"loc":{"start":{"line":645,"column":141},"end":{"line":645,"column":189}},"type":"binary-expr","locations":[{"start":{"line":645,"column":141},"end":{"line":645,"column":183}},{"start":{"line":645,"column":187},"end":{"line":645,"column":189}}],"line":645},"73":{"loc":{"start":{"line":654,"column":126},"end":{"line":654,"column":157}},"type":"binary-expr","locations":[{"start":{"line":654,"column":126},"end":{"line":654,"column":151}},{"start":{"line":654,"column":155},"end":{"line":654,"column":157}}],"line":654},"74":{"loc":{"start":{"line":691,"column":43},"end":{"line":691,"column":79}},"type":"binary-expr","locations":[{"start":{"line":691,"column":43},"end":{"line":691,"column":73}},{"start":{"line":691,"column":77},"end":{"line":691,"column":79}}],"line":691},"75":{"loc":{"start":{"line":716,"column":35},"end":{"line":716,"column":68}},"type":"binary-expr","locations":[{"start":{"line":716,"column":35},"end":{"line":716,"column":62}},{"start":{"line":716,"column":66},"end":{"line":716,"column":68}}],"line":716},"76":{"loc":{"start":{"line":745,"column":52},"end":{"line":745,"column":87}},"type":"if","locations":[{"start":{"line":745,"column":52},"end":{"line":745,"column":87}},{"start":{},"end":{}}],"line":745},"77":{"loc":{"start":{"line":754,"column":21},"end":{"line":763,"column":21}},"type":"binary-expr","locations":[{"start":{"line":754,"column":21},"end":{"line":754,"column":42}},{"start":{"line":755,"column":24},"end":{"line":762,"column":30}}],"line":754},"78":{"loc":{"start":{"line":766,"column":21},"end":{"line":778,"column":21}},"type":"cond-expr","locations":[{"start":{"line":767,"column":24},"end":{"line":770,"column":26}},{"start":{"line":772,"column":24},"end":{"line":777,"column":26}}],"line":766},"79":{"loc":{"start":{"line":785,"column":26},"end":{"line":785,"column":137}},"type":"binary-expr","locations":[{"start":{"line":785,"column":26},"end":{"line":785,"column":51}},{"start":{"line":785,"column":55},"end":{"line":785,"column":79}},{"start":{"line":785,"column":83},"end":{"line":785,"column":107}},{"start":{"line":785,"column":111},"end":{"line":785,"column":137}}],"line":785},"80":{"loc":{"start":{"line":788,"column":12},"end":{"line":791,"column":13}},"type":"if","locations":[{"start":{"line":788,"column":12},"end":{"line":791,"column":13}},{"start":{},"end":{}}],"line":788},"81":{"loc":{"start":{"line":788,"column":16},"end":{"line":788,"column":47}},"type":"binary-expr","locations":[{"start":{"line":788,"column":16},"end":{"line":788,"column":24}},{"start":{"line":788,"column":28},"end":{"line":788,"column":36}},{"start":{"line":788,"column":40},"end":{"line":788,"column":47}}],"line":788},"82":{"loc":{"start":{"line":798,"column":12},"end":{"line":801,"column":13}},"type":"if","locations":[{"start":{"line":798,"column":12},"end":{"line":801,"column":13}},{"start":{},"end":{}}],"line":798},"83":{"loc":{"start":{"line":798,"column":16},"end":{"line":798,"column":47}},"type":"binary-expr","locations":[{"start":{"line":798,"column":16},"end":{"line":798,"column":24}},{"start":{"line":798,"column":28},"end":{"line":798,"column":36}},{"start":{"line":798,"column":40},"end":{"line":798,"column":47}}],"line":798},"84":{"loc":{"start":{"line":806,"column":12},"end":{"line":827,"column":13}},"type":"if","locations":[{"start":{"line":806,"column":12},"end":{"line":827,"column":13}},{"start":{},"end":{}}],"line":806},"85":{"loc":{"start":{"line":809,"column":20},"end":{"line":812,"column":21}},"type":"if","locations":[{"start":{"line":809,"column":20},"end":{"line":812,"column":21}},{"start":{},"end":{}}],"line":809},"86":{"loc":{"start":{"line":815,"column":20},"end":{"line":818,"column":21}},"type":"if","locations":[{"start":{"line":815,"column":20},"end":{"line":818,"column":21}},{"start":{},"end":{}}],"line":815},"87":{"loc":{"start":{"line":840,"column":25},"end":{"line":840,"column":96}},"type":"binary-expr","locations":[{"start":{"line":840,"column":25},"end":{"line":840,"column":34}},{"start":{"line":840,"column":38},"end":{"line":840,"column":96}}],"line":840},"88":{"loc":{"start":{"line":841,"column":25},"end":{"line":841,"column":143}},"type":"binary-expr","locations":[{"start":{"line":841,"column":25},"end":{"line":841,"column":49}},{"start":{"line":841,"column":53},"end":{"line":841,"column":143}}],"line":841},"89":{"loc":{"start":{"line":841,"column":95},"end":{"line":841,"column":134}},"type":"binary-expr","locations":[{"start":{"line":841,"column":95},"end":{"line":841,"column":107}},{"start":{"line":841,"column":111},"end":{"line":841,"column":134}}],"line":841},"90":{"loc":{"start":{"line":876,"column":43},"end":{"line":876,"column":114}},"type":"cond-expr","locations":[{"start":{"line":876,"column":55},"end":{"line":876,"column":101}},{"start":{"line":876,"column":104},"end":{"line":876,"column":114}}],"line":876},"91":{"loc":{"start":{"line":880,"column":33},"end":{"line":880,"column":66}},"type":"cond-expr","locations":[{"start":{"line":880,"column":45},"end":{"line":880,"column":57}},{"start":{"line":880,"column":60},"end":{"line":880,"column":66}}],"line":880},"92":{"loc":{"start":{"line":894,"column":25},"end":{"line":898,"column":25}},"type":"binary-expr","locations":[{"start":{"line":894,"column":25},"end":{"line":894,"column":52}},{"start":{"line":895,"column":28},"end":{"line":897,"column":41}}],"line":894},"93":{"loc":{"start":{"line":937,"column":28},"end":{"line":937,"column":60}},"type":"if","locations":[{"start":{"line":937,"column":28},"end":{"line":937,"column":60}},{"start":{},"end":{}}],"line":937},"94":{"loc":{"start":{"line":987,"column":8},"end":{"line":994,"column":9}},"type":"if","locations":[{"start":{"line":987,"column":8},"end":{"line":994,"column":9}},{"start":{},"end":{}}],"line":987},"95":{"loc":{"start":{"line":995,"column":8},"end":{"line":995,"column":122}},"type":"if","locations":[{"start":{"line":995,"column":8},"end":{"line":995,"column":122}},{"start":{},"end":{}}],"line":995},"96":{"loc":{"start":{"line":998,"column":8},"end":{"line":1008,"column":9}},"type":"switch","locations":[{"start":{"line":999,"column":12},"end":{"line":999,"column":51}},{"start":{"line":1000,"column":12},"end":{"line":1000,"column":57}},{"start":{"line":1001,"column":12},"end":{"line":1001,"column":53}},{"start":{"line":1002,"column":12},"end":{"line":1002,"column":55}},{"start":{"line":1003,"column":12},"end":{"line":1003,"column":55}},{"start":{"line":1004,"column":12},"end":{"line":1004,"column":59}},{"start":{"line":1005,"column":12},"end":{"line":1005,"column":51}},{"start":{"line":1006,"column":12},"end":{"line":1006,"column":57}},{"start":{"line":1007,"column":12},"end":{"line":1007,"column":46}}],"line":998},"97":{"loc":{"start":{"line":1022,"column":17},"end":{"line":1091,"column":17}},"type":"binary-expr","locations":[{"start":{"line":1022,"column":17},"end":{"line":1022,"column":28}},{"start":{"line":1023,"column":20},"end":{"line":1090,"column":23}}],"line":1022},"98":{"loc":{"start":{"line":1026,"column":35},"end":{"line":1026,"column":72}},"type":"cond-expr","locations":[{"start":{"line":1026,"column":54},"end":{"line":1026,"column":60}},{"start":{"line":1026,"column":63},"end":{"line":1026,"column":72}}],"line":1026},"99":{"loc":{"start":{"line":1028,"column":32},"end":{"line":1030,"column":33}},"type":"if","locations":[{"start":{"line":1028,"column":32},"end":{"line":1030,"column":33}},{"start":{},"end":{}}],"line":1028},"100":{"loc":{"start":{"line":1033,"column":43},"end":{"line":1033,"column":146}},"type":"cond-expr","locations":[{"start":{"line":1033,"column":81},"end":{"line":1033,"column":115}},{"start":{"line":1033,"column":118},"end":{"line":1033,"column":146}}],"line":1033},"101":{"loc":{"start":{"line":1051,"column":29},"end":{"line":1058,"column":29}},"type":"binary-expr","locations":[{"start":{"line":1051,"column":29},"end":{"line":1051,"column":50}},{"start":{"line":1052,"column":32},"end":{"line":1057,"column":34}}],"line":1051},"102":{"loc":{"start":{"line":1097,"column":193},"end":{"line":1097,"column":232}},"type":"if","locations":[{"start":{"line":1097,"column":193},"end":{"line":1097,"column":232}},{"start":{},"end":{}}],"line":1097},"103":{"loc":{"start":{"line":1118,"column":24},"end":{"line":1121,"column":25}},"type":"if","locations":[{"start":{"line":1118,"column":24},"end":{"line":1121,"column":25}},{"start":{},"end":{}}],"line":1118},"104":{"loc":{"start":{"line":1118,"column":28},"end":{"line":1118,"column":59}},"type":"binary-expr","locations":[{"start":{"line":1118,"column":28},"end":{"line":1118,"column":36}},{"start":{"line":1118,"column":40},"end":{"line":1118,"column":48}},{"start":{"line":1118,"column":52},"end":{"line":1118,"column":59}}],"line":1118}},"s":{"0":0,"1":0,"2":0,"3":0,"4":0,"5":0,"6":0,"7":0,"8":0,"9":0,"10":0,"11":0,"12":0,"13":0,"14":0,"15":0,"16":0,"17":0,"18":0,"19":0,"20":0,"21":0,"22":0,"23":0,"24":0,"25":0,"26":0,"27":0,"28":0,"29":0,"30":0,"31":0,"32":0,"33":0,"34":0,"35":0,"36":0,"37":0,"38":0,"39":0,"40":0,"41":0,"42":0,"43":0,"44":0,"45":0,"46":0,"47":0,"48":0,"49":0,"50":0,"51":0,"52":0,"53":0,"54":0,"55":0,"56":0,"57":0,"58":0,"59":0,"60":0,"61":0,"62":0,"63":0,"64":0,"65":0,"66":0,"67":0,"68":0,"69":0,"70":0,"71":0,"72":0,"73":0,"74":0,"75":0,"76":0,"77":0,"78":0,"79":0,"80":0,"81":0,"82":0,"83":0,"84":0,"85":0,"86":0,"87":0,"88":0,"89":0,"90":0,"91":0,"92":0,"93":0,"94":0,"95":0,"96":0,"97":0,"98":0,"99":0,"100":0,"101":0,"102":0,"103":0,"104":0,"105":0,"106":0,"107":0,"108":0,"109":0,"110":0,"111":0,"112":0,"113":0,"114":0,"115":0,"116":0,"117":0,"118":0,"119":0,"120":0,"121":0,"122":0,"123":0,"124":0,"125":0,"126":0,"127":0,"128":0,"129":0,"130":0,"131":0,"132":0,"133":0,"134":0,"135":0,"136":0,"137":0,"138":0,"139":0,"140":0,"141":0,"142":0,"143":0,"144":0,"145":0,"146":0,"147":0,"148":0,"149":0,"150":0,"151":0,"152":0,"153":0,"154":0,"155":0,"156":0,"157":0,"158":0,"159":0,"160":0,"161":0,"162":0,"163":0,"164":0,"165":0,"166":0,"167":0,"168":0,"169":0,"170":0,"171":0,"172":0,"173":0,"174":0,"175":0,"176":0,"177":0,"178":0,"179":0,"180":0,"181":0,"182":0,"183":0,"184":0,"185":0,"186":0,"187":0,"188":0,"189":0,"190":0,"191":0,"192":0,"193":0,"194":0,"195":0,"196":0,"197":0,"198":0,"199":0,"200":0,"201":0,"202":0,"203":0,"204":0,"205":0,"206":0,"207":0,"208":0,"209":0,"210":0,"211":0,"212":0,"213":0,"214":0,"215":0,"216":0,"217":0,"218":0,"219":0,"220":0,"221":0,"222":0,"223":0,"224":0,"225":0,"226":0,"227":0,"228":0,"229":0,"230":0,"231":0,"232":0,"233":0,"234":0,"235":0,"236":0,"237":0,"238":0,"239":0,"240":0,"241":0,"242":0,"243":0,"244":0,"245":0,"246":0,"247":0,"248":0,"249":0,"250":0,"251":0,"252":0,"253":0,"254":0,"255":0,"256":0,"257":0,"258":0,"259":0,"260":0,"261":0,"262":0,"263":0,"264":0,"265":0,"266":0,"267":0,"268":0,"269":0,"270":0,"271":0,"272":0,"273":0,"274":0,"275":0,"276":0,"277":0,"278":0,"279":0,"280":0,"281":0,"282":0,"283":0,"284":0,"285":0,"286":0,"287":0,"288":0,"289":0,"290":0,"291":0,"292":0,"293":0,"294":0,"295":0,"296":0,"297":0,"298":0,"299":0,"300":0,"301":0,"302":0,"303":0,"304":0,"305":0,"306":0,"307":0,"308":0,"309":0,"310":0,"311":0,"312":0,"313":0,"314":0,"315":0,"316":0,"317":0,"318":0,"319":0,"320":0,"321":0,"322":0,"323":0,"324":0,"325":0,"326":0,"327":0,"328":0,"329":0,"330":0,"331":0},"f":{"0":0,"1":0,"2":0,"3":0,"4":0,"5":0,"6":0,"7":0,"8":0,"9":0,"10":0,"11":0,"12":0,"13":0,"14":0,"15":0,"16":0,"17":0,"18":0,"19":0,"20":0,"21":0,"22":0,"23":0,"24":0,"25":0,"26":0,"27":0,"28":0,"29":0,"30":0,"31":0,"32":0,"33":0,"34":0,"35":0,"36":0,"37":0,"38":0,"39":0,"40":0,"41":0,"42":0,"43":0,"44":0,"45":0,"46":0,"47":0,"48":0,"49":0,"50":0,"51":0,"52":0,"53":0,"54":0,"55":0,"56":0,"57":0,"58":0,"59":0,"60":0,"61":0,"62":0,"63":0,"64":0,"65":0,"66":0,"67":0,"68":0,"69":0,"70":0,"71":0,"72":0,"73":0,"74":0,"75":0,"76":0,"77":0,"78":0,"79":0,"80":0,"81":0,"82":0,"83":0,"84":0,"85":0,"86":0,"87":0,"88":0,"89":0,"90":0,"91":0,"92":0,"93":0,"94":0,"95":0,"96":0,"97":0,"98":0,"99":0,"100":0,"101":0,"102":0,"103":0,"104":0,"105":0,"106":0,"107":0,"108":0,"109":0,"110":0,"111":0,"112":0,"113":0,"114":0,"115":0,"116":0,"117":0,"118":0,"119":0,"120":0,"121":0,"122":0,"123":0,"124":0,"125":0,"126":0,"127":0,"128":0,"129":0,"130":0,"131":0,"132":0,"133":0,"134":0},"b":{"0":[0,0],"1":[0,0,0],"2":[0,0],"3":[0,0],"4":[0,0],"5":[0,0],"6":[0,0],"7":[0,0],"8":[0,0],"9":[0,0],"10":[0,0],"11":[0,0],"12":[0,0],"13":[0,0],"14":[0,0],"15":[0,0],"16":[0,0,0],"17":[0,0],"18":[0,0],"19":[0,0],"20":[0,0,0],"21":[0,0],"22":[0,0],"23":[0,0],"24":[0,0],"25":[0,0],"26":[0,0],"27":[0,0],"28":[0,0],"29":[0,0],"30":[0,0],"31":[0,0],"32":[0,0,0,0],"33":[0],"34":[0,0],"35":[0,0],"36":[0,0],"37":[0,0],"38":[0,0],"39":[0,0],"40":[0,0],"41":[0,0],"42":[0,0],"43":[0,0],"44":[0,0],"45":[0,0],"46":[0,0],"47":[0,0],"48":[0,0],"49":[0,0],"50":[0,0],"51":[0,0],"52":[0,0],"53":[0,0],"54":[0,0],"55":[0,0],"56":[0,0],"57":[0,0],"58":[0,0],"59":[0,0],"60":[0,0],"61":[0,0],"62":[0,0],"63":[0,0],"64":[0,0],"65":[0,0],"66":[0,0],"67":[0,0],"68":[0,0],"69":[0,0],"70":[0,0],"71":[0,0],"72":[0,0],"73":[0,0],"74":[0,0],"75":[0,0],"76":[0,0],"77":[0,0],"78":[0,0],"79":[0,0,0,0],"80":[0,0],"81":[0,0,0],"82":[0,0],"83":[0,0,0],"84":[0,0],"85":[0,0],"86":[0,0],"87":[0,0],"88":[0,0],"89":[0,0],"90":[0,0],"91":[0,0],"92":[0,0],"93":[0,0],"94":[0,0],"95":[0,0],"96":[0,0,0,0,0,0,0,0,0],"97":[0,0],"98":[0,0],"99":[0,0],"100":[0,0],"101":[0,0],"102":[0,0],"103":[0,0],"104":[0,0,0]}}}}